[2021-03-24 10:18:30:450] [INFO] - Starting FanckyWebApplication using Java 15.0.1 on DESKTOP-M1OD1AL with PID 20876 (D:\fancky\git\Java\WorkSpace1\fancky-web\target\classes started by admin in D:\fancky\git\Java\WorkSpace1)
[2021-03-24 10:18:30:456] [DEBUG] - Running with Spring Boot v2.4.1, Spring v5.3.2
[2021-03-24 10:18:30:457] [INFO] - No active profile set, falling back to default profiles: default
[2021-03-24 10:18:30:982] [DEBUG] - Logging initialized using 'class org.apache.ibatis.logging.slf4j.Slf4jImpl' adapter.
[2021-03-24 10:18:30:986] [WARN] - No MyBatis mapper was found in '[com.fancky.web]' package. Please check your configuration.
[2021-03-24 10:18:31:263] [INFO] - Tomcat initialized with port(s): 8103 (http)
[2021-03-24 10:18:31:270] [INFO] - Initializing ProtocolHandler ["http-nio-8103"]
[2021-03-24 10:18:31:270] [INFO] - Starting service [Tomcat]
[2021-03-24 10:18:31:271] [INFO] - Starting Servlet engine: [Apache Tomcat/9.0.41]
[2021-03-24 10:18:31:272] [INFO] - Loaded Apache Tomcat Native library [1.2.25] using APR version [1.7.0].
[2021-03-24 10:18:31:272] [INFO] - APR capabilities: IPv6 [true], sendfile [true], accept filters [false], random [true].
[2021-03-24 10:18:31:272] [INFO] - APR/OpenSSL configuration: useAprConnector [false], useOpenSSL [true]
[2021-03-24 10:18:31:286] [INFO] - OpenSSL successfully initialized [OpenSSL 1.1.1g  21 Apr 2020]
[2021-03-24 10:18:31:335] [INFO] - Initializing Spring embedded WebApplicationContext
[2021-03-24 10:18:31:335] [INFO] - Root WebApplicationContext: initialization completed in 829 ms
[2021-03-24 10:18:31:370] [WARN] - Exception encountered during context initialization - cancelling refresh attempt: org.springframework.beans.factory.UnsatisfiedDependencyException: Error creating bean with name 'userInfoController': Unsatisfied dependency expressed through field 'userInfoService'; nested exception is org.springframework.beans.factory.UnsatisfiedDependencyException: Error creating bean with name 'userInfoService': Unsatisfied dependency expressed through field 'userInfoMapper'; nested exception is org.springframework.beans.factory.NoSuchBeanDefinitionException: No qualifying bean of type 'com.fancky.dao.UserInfoMapper' available: expected at least 1 bean which qualifies as autowire candidate. Dependency annotations: {@org.springframework.beans.factory.annotation.Autowired(required=true)}
[2021-03-24 10:18:31:372] [INFO] - Stopping service [Tomcat]
[2021-03-24 10:18:31:383] [INFO] - 

Error starting ApplicationContext. To display the conditions report re-run your application with 'debug' enabled.
[2021-03-24 10:18:31:396] [ERROR] - 

***************************
APPLICATION FAILED TO START
***************************

Description:

Field userInfoMapper in com.fancky.service.UserInfoService required a bean of type 'com.fancky.dao.UserInfoMapper' that could not be found.

The injection point has the following annotations:
	- @org.springframework.beans.factory.annotation.Autowired(required=true)


Action:

Consider defining a bean of type 'com.fancky.dao.UserInfoMapper' in your configuration.

[2021-03-24 10:20:17:024] [INFO] - Starting FanckyWebApplication using Java 15.0.1 on DESKTOP-M1OD1AL with PID 21852 (D:\fancky\git\Java\WorkSpace1\fancky-web\target\classes started by admin in D:\fancky\git\Java\WorkSpace1)
[2021-03-24 10:20:17:027] [DEBUG] - Running with Spring Boot v2.4.1, Spring v5.3.2
[2021-03-24 10:20:17:028] [INFO] - No active profile set, falling back to default profiles: default
[2021-03-24 10:20:17:413] [DEBUG] - Logging initialized using 'class org.apache.ibatis.logging.slf4j.Slf4jImpl' adapter.
[2021-03-24 10:20:17:416] [WARN] - No MyBatis mapper was found in '[com.fancky.web]' package. Please check your configuration.
[2021-03-24 10:20:17:636] [INFO] - Tomcat initialized with port(s): 8103 (http)
[2021-03-24 10:20:17:642] [INFO] - Initializing ProtocolHandler ["http-nio-8103"]
[2021-03-24 10:20:17:643] [INFO] - Starting service [Tomcat]
[2021-03-24 10:20:17:643] [INFO] - Starting Servlet engine: [Apache Tomcat/9.0.41]
[2021-03-24 10:20:17:644] [INFO] - Loaded Apache Tomcat Native library [1.2.25] using APR version [1.7.0].
[2021-03-24 10:20:17:644] [INFO] - APR capabilities: IPv6 [true], sendfile [true], accept filters [false], random [true].
[2021-03-24 10:20:17:644] [INFO] - APR/OpenSSL configuration: useAprConnector [false], useOpenSSL [true]
[2021-03-24 10:20:17:646] [INFO] - OpenSSL successfully initialized [OpenSSL 1.1.1g  21 Apr 2020]
[2021-03-24 10:20:17:692] [INFO] - Initializing Spring embedded WebApplicationContext
[2021-03-24 10:20:17:692] [INFO] - Root WebApplicationContext: initialization completed in 641 ms
[2021-03-24 10:20:17:723] [WARN] - Exception encountered during context initialization - cancelling refresh attempt: org.springframework.beans.factory.UnsatisfiedDependencyException: Error creating bean with name 'userInfoController': Unsatisfied dependency expressed through field 'userInfoService'; nested exception is org.springframework.beans.factory.UnsatisfiedDependencyException: Error creating bean with name 'userInfoService': Unsatisfied dependency expressed through field 'userInfoMapper'; nested exception is org.springframework.beans.factory.NoSuchBeanDefinitionException: No qualifying bean of type 'com.fancky.dao.UserInfoMapper' available: expected at least 1 bean which qualifies as autowire candidate. Dependency annotations: {@org.springframework.beans.factory.annotation.Autowired(required=true)}
[2021-03-24 10:20:17:725] [INFO] - Stopping service [Tomcat]
[2021-03-24 10:20:17:735] [INFO] - 

Error starting ApplicationContext. To display the conditions report re-run your application with 'debug' enabled.
[2021-03-24 10:20:17:745] [ERROR] - 

***************************
APPLICATION FAILED TO START
***************************

Description:

Field userInfoMapper in com.fancky.service.UserInfoService required a bean of type 'com.fancky.dao.UserInfoMapper' that could not be found.

The injection point has the following annotations:
	- @org.springframework.beans.factory.annotation.Autowired(required=true)


Action:

Consider defining a bean of type 'com.fancky.dao.UserInfoMapper' in your configuration.

[2021-03-24 10:38:12:026] [INFO] - Starting FanckyWebApplication using Java 15.0.1 on DESKTOP-M1OD1AL with PID 28780 (D:\fancky\git\Java\WorkSpace1\fancky-web\target\classes started by admin in D:\fancky\git\Java\WorkSpace1)
[2021-03-24 10:38:12:029] [DEBUG] - Running with Spring Boot v2.4.1, Spring v5.3.2
[2021-03-24 10:38:12:030] [INFO] - No active profile set, falling back to default profiles: default
[2021-03-24 10:38:12:400] [DEBUG] - Logging initialized using 'class org.apache.ibatis.logging.slf4j.Slf4jImpl' adapter.
[2021-03-24 10:38:12:608] [INFO] - Tomcat initialized with port(s): 8103 (http)
[2021-03-24 10:38:12:615] [INFO] - Initializing ProtocolHandler ["http-nio-8103"]
[2021-03-24 10:38:12:615] [INFO] - Starting service [Tomcat]
[2021-03-24 10:38:12:616] [INFO] - Starting Servlet engine: [Apache Tomcat/9.0.41]
[2021-03-24 10:38:12:617] [INFO] - Loaded Apache Tomcat Native library [1.2.25] using APR version [1.7.0].
[2021-03-24 10:38:12:617] [INFO] - APR capabilities: IPv6 [true], sendfile [true], accept filters [false], random [true].
[2021-03-24 10:38:12:617] [INFO] - APR/OpenSSL configuration: useAprConnector [false], useOpenSSL [true]
[2021-03-24 10:38:12:619] [INFO] - OpenSSL successfully initialized [OpenSSL 1.1.1g  21 Apr 2020]
[2021-03-24 10:38:12:680] [INFO] - Initializing Spring embedded WebApplicationContext
[2021-03-24 10:38:12:680] [INFO] - Root WebApplicationContext: initialization completed in 624 ms
[2021-03-24 10:38:12:784] [INFO] - Initializing ExecutorService 'applicationTaskExecutor'
[2021-03-24 10:38:12:872] [DEBUG] - Driver class com.mysql.cj.jdbc.Driver found in Thread context class loader jdk.internal.loader.ClassLoaders$AppClassLoader@2f0e140b
[2021-03-24 10:38:13:078] [INFO] - Starting ProtocolHandler ["http-nio-8103"]
[2021-03-24 10:38:13:093] [INFO] - Tomcat started on port(s): 8103 (http) with context path ''
[2021-03-24 10:38:13:101] [INFO] - Started FanckyWebApplication in 1.31 seconds (JVM running for 1.988)
[2021-03-24 10:38:18:142] [INFO] - Shutting down ExecutorService 'applicationTaskExecutor'
[2021-03-24 10:40:07:254] [INFO] - Starting FanckyWebApplication using Java 15.0.1 on DESKTOP-M1OD1AL with PID 6860 (D:\fancky\git\Java\WorkSpace1\fancky-web\target\classes started by admin in D:\fancky\git\Java\WorkSpace1)
[2021-03-24 10:40:07:258] [DEBUG] - Running with Spring Boot v2.4.1, Spring v5.3.2
[2021-03-24 10:40:07:258] [INFO] - No active profile set, falling back to default profiles: default
[2021-03-24 10:40:07:627] [DEBUG] - Logging initialized using 'class org.apache.ibatis.logging.slf4j.Slf4jImpl' adapter.
[2021-03-24 10:40:07:845] [INFO] - Tomcat initialized with port(s): 8103 (http)
[2021-03-24 10:40:07:851] [INFO] - Initializing ProtocolHandler ["http-nio-8103"]
[2021-03-24 10:40:07:851] [INFO] - Starting service [Tomcat]
[2021-03-24 10:40:07:851] [INFO] - Starting Servlet engine: [Apache Tomcat/9.0.41]
[2021-03-24 10:40:07:852] [INFO] - Loaded Apache Tomcat Native library [1.2.25] using APR version [1.7.0].
[2021-03-24 10:40:07:852] [INFO] - APR capabilities: IPv6 [true], sendfile [true], accept filters [false], random [true].
[2021-03-24 10:40:07:852] [INFO] - APR/OpenSSL configuration: useAprConnector [false], useOpenSSL [true]
[2021-03-24 10:40:07:854] [INFO] - OpenSSL successfully initialized [OpenSSL 1.1.1g  21 Apr 2020]
[2021-03-24 10:40:07:915] [INFO] - Initializing Spring embedded WebApplicationContext
[2021-03-24 10:40:07:915] [INFO] - Root WebApplicationContext: initialization completed in 631 ms
[2021-03-24 10:40:08:013] [INFO] - Initializing ExecutorService 'applicationTaskExecutor'
[2021-03-24 10:40:08:088] [DEBUG] - Driver class com.mysql.cj.jdbc.Driver found in Thread context class loader jdk.internal.loader.ClassLoaders$AppClassLoader@2f0e140b
[2021-03-24 10:40:08:256] [INFO] - Starting ProtocolHandler ["http-nio-8103"]
[2021-03-24 10:40:08:271] [INFO] - Tomcat started on port(s): 8103 (http) with context path ''
[2021-03-24 10:40:08:278] [INFO] - Started FanckyWebApplication in 1.26 seconds (JVM running for 1.924)
[2021-03-24 10:41:56:257] [INFO] - Initializing Spring DispatcherServlet 'dispatcherServlet'
[2021-03-24 10:41:56:257] [INFO] - Initializing Servlet 'dispatcherServlet'
[2021-03-24 10:41:56:258] [INFO] - Completed initialization in 1 ms
[2021-03-24 10:42:07:471] [INFO] - Shutting down ExecutorService 'applicationTaskExecutor'
[2021-03-24 10:42:14:730] [INFO] - Starting FanckyWebApplication using Java 15.0.1 on DESKTOP-M1OD1AL with PID 4680 (D:\fancky\git\Java\WorkSpace1\fancky-web\target\classes started by admin in D:\fancky\git\Java\WorkSpace1)
[2021-03-24 10:42:14:734] [DEBUG] - Running with Spring Boot v2.4.1, Spring v5.3.2
[2021-03-24 10:42:14:735] [INFO] - No active profile set, falling back to default profiles: default
[2021-03-24 10:42:15:099] [DEBUG] - Logging initialized using 'class org.apache.ibatis.logging.slf4j.Slf4jImpl' adapter.
[2021-03-24 10:42:15:323] [INFO] - Tomcat initialized with port(s): 8103 (http)
[2021-03-24 10:42:15:328] [INFO] - Initializing ProtocolHandler ["http-nio-8103"]
[2021-03-24 10:42:15:328] [INFO] - Starting service [Tomcat]
[2021-03-24 10:42:15:329] [INFO] - Starting Servlet engine: [Apache Tomcat/9.0.41]
[2021-03-24 10:42:15:330] [INFO] - Loaded Apache Tomcat Native library [1.2.25] using APR version [1.7.0].
[2021-03-24 10:42:15:330] [INFO] - APR capabilities: IPv6 [true], sendfile [true], accept filters [false], random [true].
[2021-03-24 10:42:15:330] [INFO] - APR/OpenSSL configuration: useAprConnector [false], useOpenSSL [true]
[2021-03-24 10:42:15:332] [INFO] - OpenSSL successfully initialized [OpenSSL 1.1.1g  21 Apr 2020]
[2021-03-24 10:42:15:377] [INFO] - Initializing Spring embedded WebApplicationContext
[2021-03-24 10:42:15:377] [INFO] - Root WebApplicationContext: initialization completed in 616 ms
[2021-03-24 10:42:15:475] [INFO] - Initializing ExecutorService 'applicationTaskExecutor'
[2021-03-24 10:42:15:548] [DEBUG] - Driver class com.mysql.cj.jdbc.Driver found in Thread context class loader jdk.internal.loader.ClassLoaders$AppClassLoader@2f0e140b
[2021-03-24 10:42:15:724] [INFO] - Starting ProtocolHandler ["http-nio-8103"]
[2021-03-24 10:42:15:739] [INFO] - Tomcat started on port(s): 8103 (http) with context path ''
[2021-03-24 10:42:15:749] [INFO] - Started FanckyWebApplication in 1.262 seconds (JVM running for 1.965)
[2021-03-24 10:42:23:186] [INFO] - Initializing Spring DispatcherServlet 'dispatcherServlet'
[2021-03-24 10:42:23:186] [INFO] - Initializing Servlet 'dispatcherServlet'
[2021-03-24 10:42:23:187] [INFO] - Completed initialization in 1 ms
[2021-03-24 10:43:32:240] [INFO] - A cookie header was received [1606200111,1606289912; CNZZDATA1254954809=140768412-1606097101-%7C1606379666; Webstorm-59a98a56=6790472e-751a-4b02-b942-5e2d944a92f9; Hm_lvt_8d11e1abd4994140460b5bcf4dda25ff=1611049592,1612667472; Idea-ac70df0f=397a2e41-8384-4ff5-94b0-e974b6d8123a; jenkins-timestamper-offset=-28800000] that contained an invalid cookie. That cookie will be ignored.
 Note: further occurrences of this error will be logged at DEBUG level.
[2021-03-24 10:52:20:815] [INFO] - Shutting down ExecutorService 'applicationTaskExecutor'
[2021-03-24 10:52:25:653] [INFO] - Starting FanckyWebApplication using Java 15.0.1 on DESKTOP-M1OD1AL with PID 20616 (D:\fancky\git\Java\WorkSpace1\fancky-web\target\classes started by admin in D:\fancky\git\Java\WorkSpace1)
[2021-03-24 10:52:25:657] [DEBUG] - Running with Spring Boot v2.4.1, Spring v5.3.2
[2021-03-24 10:52:25:657] [INFO] - No active profile set, falling back to default profiles: default
[2021-03-24 10:52:26:038] [DEBUG] - Logging initialized using 'class org.apache.ibatis.logging.slf4j.Slf4jImpl' adapter.
[2021-03-24 10:52:26:249] [INFO] - Tomcat initialized with port(s): 8103 (http)
[2021-03-24 10:52:26:254] [INFO] - Initializing ProtocolHandler ["http-nio-8103"]
[2021-03-24 10:52:26:254] [INFO] - Starting service [Tomcat]
[2021-03-24 10:52:26:254] [INFO] - Starting Servlet engine: [Apache Tomcat/9.0.41]
[2021-03-24 10:52:26:255] [INFO] - Loaded Apache Tomcat Native library [1.2.25] using APR version [1.7.0].
[2021-03-24 10:52:26:255] [INFO] - APR capabilities: IPv6 [true], sendfile [true], accept filters [false], random [true].
[2021-03-24 10:52:26:255] [INFO] - APR/OpenSSL configuration: useAprConnector [false], useOpenSSL [true]
[2021-03-24 10:52:26:257] [INFO] - OpenSSL successfully initialized [OpenSSL 1.1.1g  21 Apr 2020]
[2021-03-24 10:52:26:301] [INFO] - Initializing Spring embedded WebApplicationContext
[2021-03-24 10:52:26:302] [INFO] - Root WebApplicationContext: initialization completed in 620 ms
[2021-03-24 10:52:26:329] [WARN] - Exception encountered during context initialization - cancelling refresh attempt: org.springframework.beans.factory.UnsatisfiedDependencyException: Error creating bean with name 'userInfoController': Unsatisfied dependency expressed through field 'userInfoService'; nested exception is org.springframework.beans.factory.NoSuchBeanDefinitionException: No qualifying bean of type 'com.fancky.service.UserInfoService' available: expected at least 1 bean which qualifies as autowire candidate. Dependency annotations: {@org.springframework.beans.factory.annotation.Autowired(required=true)}
[2021-03-24 10:52:26:330] [INFO] - Stopping service [Tomcat]
[2021-03-24 10:52:26:340] [INFO] - 

Error starting ApplicationContext. To display the conditions report re-run your application with 'debug' enabled.
[2021-03-24 10:52:26:351] [ERROR] - 

***************************
APPLICATION FAILED TO START
***************************

Description:

Field userInfoService in com.fancky.web.controller.UserInfoController required a bean of type 'com.fancky.service.UserInfoService' that could not be found.

The injection point has the following annotations:
	- @org.springframework.beans.factory.annotation.Autowired(required=true)


Action:

Consider defining a bean of type 'com.fancky.service.UserInfoService' in your configuration.

[2021-03-24 10:53:16:356] [INFO] - Starting FanckyWebApplication using Java 15.0.1 on DESKTOP-M1OD1AL with PID 12456 (D:\fancky\git\Java\WorkSpace1\fancky-web\target\classes started by admin in D:\fancky\git\Java\WorkSpace1)
[2021-03-24 10:53:16:359] [DEBUG] - Running with Spring Boot v2.4.1, Spring v5.3.2
[2021-03-24 10:53:16:360] [INFO] - No active profile set, falling back to default profiles: default
[2021-03-24 10:53:16:729] [DEBUG] - Logging initialized using 'class org.apache.ibatis.logging.slf4j.Slf4jImpl' adapter.
[2021-03-24 10:53:16:944] [INFO] - Tomcat initialized with port(s): 8103 (http)
[2021-03-24 10:53:16:950] [INFO] - Initializing ProtocolHandler ["http-nio-8103"]
[2021-03-24 10:53:16:951] [INFO] - Starting service [Tomcat]
[2021-03-24 10:53:16:951] [INFO] - Starting Servlet engine: [Apache Tomcat/9.0.41]
[2021-03-24 10:53:16:952] [INFO] - Loaded Apache Tomcat Native library [1.2.25] using APR version [1.7.0].
[2021-03-24 10:53:16:952] [INFO] - APR capabilities: IPv6 [true], sendfile [true], accept filters [false], random [true].
[2021-03-24 10:53:16:952] [INFO] - APR/OpenSSL configuration: useAprConnector [false], useOpenSSL [true]
[2021-03-24 10:53:16:954] [INFO] - OpenSSL successfully initialized [OpenSSL 1.1.1g  21 Apr 2020]
[2021-03-24 10:53:16:997] [INFO] - Initializing Spring embedded WebApplicationContext
[2021-03-24 10:53:16:998] [INFO] - Root WebApplicationContext: initialization completed in 612 ms
[2021-03-24 10:53:17:050] [DEBUG] - Driver class com.mysql.cj.jdbc.Driver found in Thread context class loader jdk.internal.loader.ClassLoaders$AppClassLoader@2f0e140b
[2021-03-24 10:53:17:235] [INFO] - Initializing ExecutorService 'applicationTaskExecutor'
[2021-03-24 10:53:17:353] [INFO] - Starting ProtocolHandler ["http-nio-8103"]
[2021-03-24 10:53:17:365] [INFO] - Tomcat started on port(s): 8103 (http) with context path ''
[2021-03-24 10:53:17:373] [INFO] - Started FanckyWebApplication in 1.226 seconds (JVM running for 1.96)
[2021-03-24 10:53:20:464] [INFO] - Shutting down ExecutorService 'applicationTaskExecutor'
[2021-03-24 10:53:25:960] [INFO] - Starting FanckyWebApplication using Java 15.0.1 on DESKTOP-M1OD1AL with PID 33264 (D:\fancky\git\Java\WorkSpace1\fancky-web\target\classes started by admin in D:\fancky\git\Java\WorkSpace1)
[2021-03-24 10:53:25:964] [DEBUG] - Running with Spring Boot v2.4.1, Spring v5.3.2
[2021-03-24 10:53:25:964] [INFO] - No active profile set, falling back to default profiles: default
[2021-03-24 10:53:26:340] [DEBUG] - Logging initialized using 'class org.apache.ibatis.logging.slf4j.Slf4jImpl' adapter.
[2021-03-24 10:53:26:343] [WARN] - No MyBatis mapper was found in '[com.fancky.web]' package. Please check your configuration.
[2021-03-24 10:53:26:535] [INFO] - Tomcat initialized with port(s): 8103 (http)
[2021-03-24 10:53:26:541] [INFO] - Initializing ProtocolHandler ["http-nio-8103"]
[2021-03-24 10:53:26:541] [INFO] - Starting service [Tomcat]
[2021-03-24 10:53:26:541] [INFO] - Starting Servlet engine: [Apache Tomcat/9.0.41]
[2021-03-24 10:53:26:542] [INFO] - Loaded Apache Tomcat Native library [1.2.25] using APR version [1.7.0].
[2021-03-24 10:53:26:542] [INFO] - APR capabilities: IPv6 [true], sendfile [true], accept filters [false], random [true].
[2021-03-24 10:53:26:542] [INFO] - APR/OpenSSL configuration: useAprConnector [false], useOpenSSL [true]
[2021-03-24 10:53:26:544] [INFO] - OpenSSL successfully initialized [OpenSSL 1.1.1g  21 Apr 2020]
[2021-03-24 10:53:26:600] [INFO] - Initializing Spring embedded WebApplicationContext
[2021-03-24 10:53:26:600] [INFO] - Root WebApplicationContext: initialization completed in 613 ms
[2021-03-24 10:53:26:633] [WARN] - Exception encountered during context initialization - cancelling refresh attempt: org.springframework.beans.factory.UnsatisfiedDependencyException: Error creating bean with name 'userInfoController': Unsatisfied dependency expressed through field 'userInfoService'; nested exception is org.springframework.beans.factory.UnsatisfiedDependencyException: Error creating bean with name 'userInfoService': Unsatisfied dependency expressed through field 'userInfoMapper'; nested exception is org.springframework.beans.factory.NoSuchBeanDefinitionException: No qualifying bean of type 'com.fancky.dao.UserInfoMapper' available: expected at least 1 bean which qualifies as autowire candidate. Dependency annotations: {@org.springframework.beans.factory.annotation.Autowired(required=true)}
[2021-03-24 10:53:26:635] [INFO] - Stopping service [Tomcat]
[2021-03-24 10:53:26:645] [INFO] - 

Error starting ApplicationContext. To display the conditions report re-run your application with 'debug' enabled.
[2021-03-24 10:53:26:656] [ERROR] - 

***************************
APPLICATION FAILED TO START
***************************

Description:

Field userInfoMapper in com.fancky.service.UserInfoService required a bean of type 'com.fancky.dao.UserInfoMapper' that could not be found.

The injection point has the following annotations:
	- @org.springframework.beans.factory.annotation.Autowired(required=true)


Action:

Consider defining a bean of type 'com.fancky.dao.UserInfoMapper' in your configuration.

[2021-03-24 10:53:33:912] [INFO] - Starting FanckyWebApplication using Java 15.0.1 on DESKTOP-M1OD1AL with PID 31628 (D:\fancky\git\Java\WorkSpace1\fancky-web\target\classes started by admin in D:\fancky\git\Java\WorkSpace1)
[2021-03-24 10:53:33:916] [DEBUG] - Running with Spring Boot v2.4.1, Spring v5.3.2
[2021-03-24 10:53:33:916] [INFO] - No active profile set, falling back to default profiles: default
[2021-03-24 10:53:34:284] [DEBUG] - Logging initialized using 'class org.apache.ibatis.logging.slf4j.Slf4jImpl' adapter.
[2021-03-24 10:53:34:497] [INFO] - Tomcat initialized with port(s): 8103 (http)
[2021-03-24 10:53:34:503] [INFO] - Initializing ProtocolHandler ["http-nio-8103"]
[2021-03-24 10:53:34:503] [INFO] - Starting service [Tomcat]
[2021-03-24 10:53:34:504] [INFO] - Starting Servlet engine: [Apache Tomcat/9.0.41]
[2021-03-24 10:53:34:504] [INFO] - Loaded Apache Tomcat Native library [1.2.25] using APR version [1.7.0].
[2021-03-24 10:53:34:505] [INFO] - APR capabilities: IPv6 [true], sendfile [true], accept filters [false], random [true].
[2021-03-24 10:53:34:505] [INFO] - APR/OpenSSL configuration: useAprConnector [false], useOpenSSL [true]
[2021-03-24 10:53:34:507] [INFO] - OpenSSL successfully initialized [OpenSSL 1.1.1g  21 Apr 2020]
[2021-03-24 10:53:34:554] [INFO] - Initializing Spring embedded WebApplicationContext
[2021-03-24 10:53:34:554] [INFO] - Root WebApplicationContext: initialization completed in 613 ms
[2021-03-24 10:53:34:608] [DEBUG] - Driver class com.mysql.cj.jdbc.Driver found in Thread context class loader jdk.internal.loader.ClassLoaders$AppClassLoader@2f0e140b
[2021-03-24 10:53:34:778] [INFO] - Initializing ExecutorService 'applicationTaskExecutor'
[2021-03-24 10:53:34:902] [INFO] - Starting ProtocolHandler ["http-nio-8103"]
[2021-03-24 10:53:34:915] [INFO] - Tomcat started on port(s): 8103 (http) with context path ''
[2021-03-24 10:53:34:922] [INFO] - Started FanckyWebApplication in 1.229 seconds (JVM running for 1.935)
[2021-03-24 10:53:49:752] [INFO] - Shutting down ExecutorService 'applicationTaskExecutor'
[2021-03-24 10:54:04:773] [INFO] - Starting FanckyWebApplication using Java 15.0.1 on DESKTOP-M1OD1AL with PID 14140 (D:\fancky\git\Java\WorkSpace1\fancky-web\target\classes started by admin in D:\fancky\git\Java\WorkSpace1)
[2021-03-24 10:54:04:777] [DEBUG] - Running with Spring Boot v2.4.1, Spring v5.3.2
[2021-03-24 10:54:04:778] [INFO] - No active profile set, falling back to default profiles: default
[2021-03-24 10:54:05:142] [DEBUG] - Logging initialized using 'class org.apache.ibatis.logging.slf4j.Slf4jImpl' adapter.
[2021-03-24 10:54:05:357] [INFO] - Tomcat initialized with port(s): 8103 (http)
[2021-03-24 10:54:05:363] [INFO] - Initializing ProtocolHandler ["http-nio-8103"]
[2021-03-24 10:54:05:363] [INFO] - Starting service [Tomcat]
[2021-03-24 10:54:05:363] [INFO] - Starting Servlet engine: [Apache Tomcat/9.0.41]
[2021-03-24 10:54:05:364] [INFO] - Loaded Apache Tomcat Native library [1.2.25] using APR version [1.7.0].
[2021-03-24 10:54:05:364] [INFO] - APR capabilities: IPv6 [true], sendfile [true], accept filters [false], random [true].
[2021-03-24 10:54:05:364] [INFO] - APR/OpenSSL configuration: useAprConnector [false], useOpenSSL [true]
[2021-03-24 10:54:05:366] [INFO] - OpenSSL successfully initialized [OpenSSL 1.1.1g  21 Apr 2020]
[2021-03-24 10:54:05:411] [INFO] - Initializing Spring embedded WebApplicationContext
[2021-03-24 10:54:05:411] [INFO] - Root WebApplicationContext: initialization completed in 609 ms
[2021-03-24 10:54:05:438] [WARN] - Exception encountered during context initialization - cancelling refresh attempt: org.springframework.beans.factory.UnsatisfiedDependencyException: Error creating bean with name 'userInfoController': Unsatisfied dependency expressed through field 'userInfoService'; nested exception is org.springframework.beans.factory.NoSuchBeanDefinitionException: No qualifying bean of type 'com.fancky.service.UserInfoService' available: expected at least 1 bean which qualifies as autowire candidate. Dependency annotations: {@org.springframework.beans.factory.annotation.Autowired(required=true)}
[2021-03-24 10:54:05:440] [INFO] - Stopping service [Tomcat]
[2021-03-24 10:54:05:450] [INFO] - 

Error starting ApplicationContext. To display the conditions report re-run your application with 'debug' enabled.
[2021-03-24 10:54:05:461] [ERROR] - 

***************************
APPLICATION FAILED TO START
***************************

Description:

Field userInfoService in com.fancky.web.controller.UserInfoController required a bean of type 'com.fancky.service.UserInfoService' that could not be found.

The injection point has the following annotations:
	- @org.springframework.beans.factory.annotation.Autowired(required=true)


Action:

Consider defining a bean of type 'com.fancky.service.UserInfoService' in your configuration.

[2021-03-24 10:54:27:139] [INFO] - Starting FanckyWebApplication using Java 15.0.1 on DESKTOP-M1OD1AL with PID 35588 (D:\fancky\git\Java\WorkSpace1\fancky-web\target\classes started by admin in D:\fancky\git\Java\WorkSpace1)
[2021-03-24 10:54:27:144] [DEBUG] - Running with Spring Boot v2.4.1, Spring v5.3.2
[2021-03-24 10:54:27:144] [INFO] - No active profile set, falling back to default profiles: default
[2021-03-24 10:54:27:529] [DEBUG] - Logging initialized using 'class org.apache.ibatis.logging.slf4j.Slf4jImpl' adapter.
[2021-03-24 10:54:27:769] [INFO] - Tomcat initialized with port(s): 8103 (http)
[2021-03-24 10:54:27:778] [INFO] - Initializing ProtocolHandler ["http-nio-8103"]
[2021-03-24 10:54:27:778] [INFO] - Starting service [Tomcat]
[2021-03-24 10:54:27:779] [INFO] - Starting Servlet engine: [Apache Tomcat/9.0.41]
[2021-03-24 10:54:27:780] [INFO] - Loaded Apache Tomcat Native library [1.2.25] using APR version [1.7.0].
[2021-03-24 10:54:27:780] [INFO] - APR capabilities: IPv6 [true], sendfile [true], accept filters [false], random [true].
[2021-03-24 10:54:27:780] [INFO] - APR/OpenSSL configuration: useAprConnector [false], useOpenSSL [true]
[2021-03-24 10:54:27:782] [INFO] - OpenSSL successfully initialized [OpenSSL 1.1.1g  21 Apr 2020]
[2021-03-24 10:54:27:830] [INFO] - Initializing Spring embedded WebApplicationContext
[2021-03-24 10:54:27:830] [INFO] - Root WebApplicationContext: initialization completed in 660 ms
[2021-03-24 10:54:27:888] [DEBUG] - Driver class com.mysql.cj.jdbc.Driver found in Thread context class loader jdk.internal.loader.ClassLoaders$AppClassLoader@2f0e140b
[2021-03-24 10:54:28:073] [INFO] - Initializing ExecutorService 'applicationTaskExecutor'
[2021-03-24 10:54:28:200] [INFO] - Starting ProtocolHandler ["http-nio-8103"]
[2021-03-24 10:54:28:215] [INFO] - Tomcat started on port(s): 8103 (http) with context path ''
[2021-03-24 10:54:28:222] [INFO] - Started FanckyWebApplication in 1.314 seconds (JVM running for 2.0)
[2021-03-24 10:54:31:562] [INFO] - Initializing Spring DispatcherServlet 'dispatcherServlet'
[2021-03-24 10:54:31:563] [INFO] - Initializing Servlet 'dispatcherServlet'
[2021-03-24 10:54:31:564] [INFO] - Completed initialization in 1 ms
[2021-03-24 10:54:31:587] [ERROR] - Servlet.service() for servlet [dispatcherServlet] in context with path [] threw exception [Request processing failed; nested exception is org.apache.ibatis.binding.BindingException: Invalid bound statement (not found): com.fancky.dao.UserInfoMapper.selectById] with root cause
org.apache.ibatis.binding.BindingException: Invalid bound statement (not found): com.fancky.dao.UserInfoMapper.selectById
	at org.apache.ibatis.binding.MapperMethod$SqlCommand.<init>(MapperMethod.java:235) ~[mybatis-3.5.5.jar:3.5.5]
	at org.apache.ibatis.binding.MapperMethod.<init>(MapperMethod.java:53) ~[mybatis-3.5.5.jar:3.5.5]
	at org.apache.ibatis.binding.MapperProxy.lambda$cachedInvoker$0(MapperProxy.java:115) ~[mybatis-3.5.5.jar:3.5.5]
	at java.util.concurrent.ConcurrentHashMap.computeIfAbsent(ConcurrentHashMap.java:1708) ~[?:?]
	at org.apache.ibatis.binding.MapperProxy.cachedInvoker(MapperProxy.java:102) ~[mybatis-3.5.5.jar:3.5.5]
	at org.apache.ibatis.binding.MapperProxy.invoke(MapperProxy.java:85) ~[mybatis-3.5.5.jar:3.5.5]
	at com.sun.proxy.$Proxy69.selectById(Unknown Source) ~[?:?]
	at com.fancky.service.UserInfoService.queryById(UserInfoService.java:19) ~[classes/:?]
	at com.fancky.web.controller.UserInfoController.selectOne(UserInfoController.java:31) ~[classes/:?]
	at jdk.internal.reflect.NativeMethodAccessorImpl.invoke0(Native Method) ~[?:?]
	at jdk.internal.reflect.NativeMethodAccessorImpl.invoke(NativeMethodAccessorImpl.java:64) ~[?:?]
	at jdk.internal.reflect.DelegatingMethodAccessorImpl.invoke(DelegatingMethodAccessorImpl.java:43) ~[?:?]
	at java.lang.reflect.Method.invoke(Method.java:564) ~[?:?]
	at org.springframework.web.method.support.InvocableHandlerMethod.doInvoke(InvocableHandlerMethod.java:197) ~[spring-web-5.3.2.jar:5.3.2]
	at org.springframework.web.method.support.InvocableHandlerMethod.invokeForRequest(InvocableHandlerMethod.java:141) ~[spring-web-5.3.2.jar:5.3.2]
	at org.springframework.web.servlet.mvc.method.annotation.ServletInvocableHandlerMethod.invokeAndHandle(ServletInvocableHandlerMethod.java:106) ~[spring-webmvc-5.3.2.jar:5.3.2]
	at org.springframework.web.servlet.mvc.method.annotation.RequestMappingHandlerAdapter.invokeHandlerMethod(RequestMappingHandlerAdapter.java:894) ~[spring-webmvc-5.3.2.jar:5.3.2]
	at org.springframework.web.servlet.mvc.method.annotation.RequestMappingHandlerAdapter.handleInternal(RequestMappingHandlerAdapter.java:808) ~[spring-webmvc-5.3.2.jar:5.3.2]
	at org.springframework.web.servlet.mvc.method.AbstractHandlerMethodAdapter.handle(AbstractHandlerMethodAdapter.java:87) ~[spring-webmvc-5.3.2.jar:5.3.2]
	at org.springframework.web.servlet.DispatcherServlet.doDispatch(DispatcherServlet.java:1061) ~[spring-webmvc-5.3.2.jar:5.3.2]
	at org.springframework.web.servlet.DispatcherServlet.doService(DispatcherServlet.java:961) ~[spring-webmvc-5.3.2.jar:5.3.2]
	at org.springframework.web.servlet.FrameworkServlet.processRequest(FrameworkServlet.java:1006) ~[spring-webmvc-5.3.2.jar:5.3.2]
	at org.springframework.web.servlet.FrameworkServlet.doGet(FrameworkServlet.java:898) ~[spring-webmvc-5.3.2.jar:5.3.2]
	at javax.servlet.http.HttpServlet.service(HttpServlet.java:626) ~[tomcat-embed-core-9.0.41.jar:4.0.FR]
	at org.springframework.web.servlet.FrameworkServlet.service(FrameworkServlet.java:883) ~[spring-webmvc-5.3.2.jar:5.3.2]
	at javax.servlet.http.HttpServlet.service(HttpServlet.java:733) ~[tomcat-embed-core-9.0.41.jar:4.0.FR]
	at org.apache.catalina.core.ApplicationFilterChain.internalDoFilter(ApplicationFilterChain.java:231) ~[tomcat-embed-core-9.0.41.jar:9.0.41]
	at org.apache.catalina.core.ApplicationFilterChain.doFilter(ApplicationFilterChain.java:166) ~[tomcat-embed-core-9.0.41.jar:9.0.41]
	at org.apache.tomcat.websocket.server.WsFilter.doFilter(WsFilter.java:53) ~[tomcat-embed-websocket-9.0.41.jar:9.0.41]
	at org.apache.catalina.core.ApplicationFilterChain.internalDoFilter(ApplicationFilterChain.java:193) ~[tomcat-embed-core-9.0.41.jar:9.0.41]
	at org.apache.catalina.core.ApplicationFilterChain.doFilter(ApplicationFilterChain.java:166) ~[tomcat-embed-core-9.0.41.jar:9.0.41]
	at org.springframework.web.filter.RequestContextFilter.doFilterInternal(RequestContextFilter.java:100) ~[spring-web-5.3.2.jar:5.3.2]
	at org.springframework.web.filter.OncePerRequestFilter.doFilter(OncePerRequestFilter.java:119) ~[spring-web-5.3.2.jar:5.3.2]
	at org.apache.catalina.core.ApplicationFilterChain.internalDoFilter(ApplicationFilterChain.java:193) ~[tomcat-embed-core-9.0.41.jar:9.0.41]
	at org.apache.catalina.core.ApplicationFilterChain.doFilter(ApplicationFilterChain.java:166) ~[tomcat-embed-core-9.0.41.jar:9.0.41]
	at org.springframework.web.filter.FormContentFilter.doFilterInternal(FormContentFilter.java:93) ~[spring-web-5.3.2.jar:5.3.2]
	at org.springframework.web.filter.OncePerRequestFilter.doFilter(OncePerRequestFilter.java:119) ~[spring-web-5.3.2.jar:5.3.2]
	at org.apache.catalina.core.ApplicationFilterChain.internalDoFilter(ApplicationFilterChain.java:193) ~[tomcat-embed-core-9.0.41.jar:9.0.41]
	at org.apache.catalina.core.ApplicationFilterChain.doFilter(ApplicationFilterChain.java:166) ~[tomcat-embed-core-9.0.41.jar:9.0.41]
	at org.springframework.web.filter.CharacterEncodingFilter.doFilterInternal(CharacterEncodingFilter.java:201) ~[spring-web-5.3.2.jar:5.3.2]
	at org.springframework.web.filter.OncePerRequestFilter.doFilter(OncePerRequestFilter.java:119) ~[spring-web-5.3.2.jar:5.3.2]
	at org.apache.catalina.core.ApplicationFilterChain.internalDoFilter(ApplicationFilterChain.java:193) ~[tomcat-embed-core-9.0.41.jar:9.0.41]
	at org.apache.catalina.core.ApplicationFilterChain.doFilter(ApplicationFilterChain.java:166) ~[tomcat-embed-core-9.0.41.jar:9.0.41]
	at org.apache.catalina.core.StandardWrapperValve.invoke(StandardWrapperValve.java:202) ~[tomcat-embed-core-9.0.41.jar:9.0.41]
	at org.apache.catalina.core.StandardContextValve.invoke(StandardContextValve.java:97) ~[tomcat-embed-core-9.0.41.jar:9.0.41]
	at org.apache.catalina.authenticator.AuthenticatorBase.invoke(AuthenticatorBase.java:542) ~[tomcat-embed-core-9.0.41.jar:9.0.41]
	at org.apache.catalina.core.StandardHostValve.invoke(StandardHostValve.java:143) ~[tomcat-embed-core-9.0.41.jar:9.0.41]
	at org.apache.catalina.valves.ErrorReportValve.invoke(ErrorReportValve.java:92) ~[tomcat-embed-core-9.0.41.jar:9.0.41]
	at org.apache.catalina.core.StandardEngineValve.invoke(StandardEngineValve.java:78) ~[tomcat-embed-core-9.0.41.jar:9.0.41]
	at org.apache.catalina.connector.CoyoteAdapter.service(CoyoteAdapter.java:343) ~[tomcat-embed-core-9.0.41.jar:9.0.41]
	at org.apache.coyote.http11.Http11Processor.service(Http11Processor.java:374) ~[tomcat-embed-core-9.0.41.jar:9.0.41]
	at org.apache.coyote.AbstractProcessorLight.process(AbstractProcessorLight.java:65) ~[tomcat-embed-core-9.0.41.jar:9.0.41]
	at org.apache.coyote.AbstractProtocol$ConnectionHandler.process(AbstractProtocol.java:888) ~[tomcat-embed-core-9.0.41.jar:9.0.41]
	at org.apache.tomcat.util.net.NioEndpoint$SocketProcessor.doRun(NioEndpoint.java:1597) ~[tomcat-embed-core-9.0.41.jar:9.0.41]
	at org.apache.tomcat.util.net.SocketProcessorBase.run(SocketProcessorBase.java:49) ~[tomcat-embed-core-9.0.41.jar:9.0.41]
	at java.util.concurrent.ThreadPoolExecutor.runWorker(ThreadPoolExecutor.java:1130) ~[?:?]
	at java.util.concurrent.ThreadPoolExecutor$Worker.run(ThreadPoolExecutor.java:630) ~[?:?]
	at org.apache.tomcat.util.threads.TaskThread$WrappingRunnable.run(TaskThread.java:61) ~[tomcat-embed-core-9.0.41.jar:9.0.41]
	at java.lang.Thread.run(Thread.java:832) [?:?]
[2021-03-24 10:54:53:169] [INFO] - Shutting down ExecutorService 'applicationTaskExecutor'
[2021-03-24 10:56:15:783] [INFO] - Starting FanckyWebApplication using Java 15.0.1 on DESKTOP-M1OD1AL with PID 11624 (D:\fancky\git\Java\WorkSpace1\fancky-web\target\classes started by admin in D:\fancky\git\Java\WorkSpace1)
[2021-03-24 10:56:15:788] [DEBUG] - Running with Spring Boot v2.4.1, Spring v5.3.2
[2021-03-24 10:56:15:788] [INFO] - No active profile set, falling back to default profiles: default
[2021-03-24 10:56:16:160] [DEBUG] - Logging initialized using 'class org.apache.ibatis.logging.slf4j.Slf4jImpl' adapter.
[2021-03-24 10:56:16:358] [INFO] - Tomcat initialized with port(s): 8103 (http)
[2021-03-24 10:56:16:376] [INFO] - Initializing ProtocolHandler ["http-nio-8103"]
[2021-03-24 10:56:16:376] [INFO] - Starting service [Tomcat]
[2021-03-24 10:56:16:377] [INFO] - Starting Servlet engine: [Apache Tomcat/9.0.41]
[2021-03-24 10:56:16:378] [INFO] - Loaded Apache Tomcat Native library [1.2.25] using APR version [1.7.0].
[2021-03-24 10:56:16:378] [INFO] - APR capabilities: IPv6 [true], sendfile [true], accept filters [false], random [true].
[2021-03-24 10:56:16:379] [INFO] - APR/OpenSSL configuration: useAprConnector [false], useOpenSSL [true]
[2021-03-24 10:56:16:381] [INFO] - OpenSSL successfully initialized [OpenSSL 1.1.1g  21 Apr 2020]
[2021-03-24 10:56:16:427] [INFO] - Initializing Spring embedded WebApplicationContext
[2021-03-24 10:56:16:427] [INFO] - Root WebApplicationContext: initialization completed in 614 ms
[2021-03-24 10:56:16:481] [DEBUG] - Driver class com.mysql.cj.jdbc.Driver found in Thread context class loader jdk.internal.loader.ClassLoaders$AppClassLoader@2f0e140b
[2021-03-24 10:56:16:649] [INFO] - Initializing ExecutorService 'applicationTaskExecutor'
[2021-03-24 10:56:16:773] [INFO] - Starting ProtocolHandler ["http-nio-8103"]
[2021-03-24 10:56:16:786] [INFO] - Tomcat started on port(s): 8103 (http) with context path ''
[2021-03-24 10:56:16:793] [INFO] - Started FanckyWebApplication in 1.223 seconds (JVM running for 2.01)
[2021-03-24 10:56:19:435] [INFO] - Initializing Spring DispatcherServlet 'dispatcherServlet'
[2021-03-24 10:56:19:436] [INFO] - Initializing Servlet 'dispatcherServlet'
[2021-03-24 10:56:19:437] [INFO] - Completed initialization in 0 ms
[2021-03-24 10:56:19:472] [DEBUG] - HikariPool-1 - configuration:
[2021-03-24 10:56:19:473] [DEBUG] - allowPoolSuspension.............false
[2021-03-24 10:56:19:474] [DEBUG] - autoCommit......................false
[2021-03-24 10:56:19:474] [DEBUG] - catalog.........................none
[2021-03-24 10:56:19:474] [DEBUG] - connectionInitSql...............none
[2021-03-24 10:56:19:474] [DEBUG] - connectionTestQuery.............none
[2021-03-24 10:56:19:474] [DEBUG] - connectionTimeout...............30000
[2021-03-24 10:56:19:474] [DEBUG] - dataSource......................none
[2021-03-24 10:56:19:474] [DEBUG] - dataSourceClassName.............none
[2021-03-24 10:56:19:474] [DEBUG] - dataSourceJNDI..................none
[2021-03-24 10:56:19:474] [DEBUG] - dataSourceProperties............{password=<masked>}
[2021-03-24 10:56:19:474] [DEBUG] - driverClassName................."com.mysql.cj.jdbc.Driver"
[2021-03-24 10:56:19:474] [DEBUG] - exceptionOverrideClassName......none
[2021-03-24 10:56:19:474] [DEBUG] - healthCheckProperties...........{}
[2021-03-24 10:56:19:474] [DEBUG] - healthCheckRegistry.............none
[2021-03-24 10:56:19:474] [DEBUG] - idleTimeout.....................30000
[2021-03-24 10:56:19:474] [DEBUG] - initializationFailTimeout.......1
[2021-03-24 10:56:19:475] [DEBUG] - isolateInternalQueries..........false
[2021-03-24 10:56:19:475] [DEBUG] - jdbcUrl.........................jdbc:mysql://127.0.0.1:3306/test?useUnicode=true&characterEncoding=utf8&useSSL=true&useJDBCCompliantTimezoneShift=true&useLegacyDatetimeCode=false&serverTimezone=UTC
[2021-03-24 10:56:19:475] [DEBUG] - leakDetectionThreshold..........0
[2021-03-24 10:56:19:475] [DEBUG] - maxLifetime.....................1800000
[2021-03-24 10:56:19:475] [DEBUG] - maximumPoolSize.................15
[2021-03-24 10:56:19:475] [DEBUG] - metricRegistry..................none
[2021-03-24 10:56:19:475] [DEBUG] - metricsTrackerFactory...........none
[2021-03-24 10:56:19:475] [DEBUG] - minimumIdle.....................5
[2021-03-24 10:56:19:475] [DEBUG] - password........................<masked>
[2021-03-24 10:56:19:475] [DEBUG] - poolName........................"HikariPool-1"
[2021-03-24 10:56:19:475] [DEBUG] - readOnly........................false
[2021-03-24 10:56:19:475] [DEBUG] - registerMbeans..................false
[2021-03-24 10:56:19:475] [DEBUG] - scheduledExecutor...............none
[2021-03-24 10:56:19:475] [DEBUG] - schema..........................none
[2021-03-24 10:56:19:475] [DEBUG] - threadFactory...................internal
[2021-03-24 10:56:19:475] [DEBUG] - transactionIsolation............default
[2021-03-24 10:56:19:475] [DEBUG] - username........................"root"
[2021-03-24 10:56:19:475] [DEBUG] - validationTimeout...............5000
[2021-03-24 10:56:19:475] [INFO] - HikariPool-1 - Starting...
[2021-03-24 10:56:19:816] [DEBUG] - HikariPool-1 - Added connection com.mysql.cj.jdbc.ConnectionImpl@273fc771
[2021-03-24 10:56:19:818] [INFO] - HikariPool-1 - Start completed.
[2021-03-24 10:56:19:823] [DEBUG] - ==>  Preparing: select id, user_name, user_age, address, birthday, is_delete from test.t_test_user_info where id = ?
[2021-03-24 10:56:19:837] [DEBUG] - ==> Parameters: 1(Integer)
[2021-03-24 10:56:19:853] [DEBUG] - <==      Total: 1
[2021-03-24 10:57:57:937] [WARN] - HikariPool-1 - Thread starvation or clock leap detected (housekeeper delta=2m8s118ms751µs900ns).
[2021-03-24 10:57:57:937] [DEBUG] - HikariPool-1 - Before cleanup stats (total=1, active=1, idle=0, waiting=0)
[2021-03-24 10:57:57:938] [DEBUG] - ==>  Preparing: select id, user_name, user_age, address, birthday, is_delete from test.t_test_user_info where id = ?
[2021-03-24 10:57:57:938] [DEBUG] - ==> Parameters: 1(Integer)
[2021-03-24 10:57:57:938] [DEBUG] - HikariPool-1 - After cleanup  stats (total=1, active=1, idle=0, waiting=0)
[2021-03-24 10:57:57:940] [DEBUG] - <==      Total: 1
[2021-03-24 10:57:57:958] [DEBUG] - HikariPool-1 - Added connection com.mysql.cj.jdbc.ConnectionImpl@34d36aad
[2021-03-24 10:57:57:962] [WARN] - Resolved [org.springframework.http.converter.HttpMessageNotWritableException: No converter found for return value of type: class com.fancky.model.entity.UserInfo]
[2021-03-24 10:57:57:975] [DEBUG] - HikariPool-1 - Added connection com.mysql.cj.jdbc.ConnectionImpl@3124a88e
[2021-03-24 10:57:57:990] [DEBUG] - HikariPool-1 - Added connection com.mysql.cj.jdbc.ConnectionImpl@7cc65d0a
[2021-03-24 10:57:58:006] [DEBUG] - HikariPool-1 - Added connection com.mysql.cj.jdbc.ConnectionImpl@622af465
[2021-03-24 10:57:58:096] [INFO] - Shutting down ExecutorService 'applicationTaskExecutor'
[2021-03-24 10:57:58:097] [INFO] - HikariPool-1 - Shutdown initiated...
[2021-03-24 10:57:58:097] [DEBUG] - HikariPool-1 - Before shutdown stats (total=5, active=0, idle=5, waiting=0)
[2021-03-24 10:57:58:098] [DEBUG] - HikariPool-1 - Closing connection com.mysql.cj.jdbc.ConnectionImpl@273fc771: (connection evicted)
[2021-03-24 10:57:58:100] [DEBUG] - HikariPool-1 - Closing connection com.mysql.cj.jdbc.ConnectionImpl@34d36aad: (connection evicted)
[2021-03-24 10:57:58:101] [DEBUG] - HikariPool-1 - Closing connection com.mysql.cj.jdbc.ConnectionImpl@3124a88e: (connection evicted)
[2021-03-24 10:57:58:101] [DEBUG] - HikariPool-1 - Closing connection com.mysql.cj.jdbc.ConnectionImpl@7cc65d0a: (connection evicted)
[2021-03-24 10:57:58:102] [DEBUG] - HikariPool-1 - Closing connection com.mysql.cj.jdbc.ConnectionImpl@622af465: (connection evicted)
[2021-03-24 10:57:58:102] [DEBUG] - HikariPool-1 - After shutdown stats (total=0, active=0, idle=0, waiting=0)
[2021-03-24 10:57:58:102] [INFO] - HikariPool-1 - Shutdown completed.
[2021-03-24 11:10:57:596] [INFO] - Starting FanckyWebApplication using Java 15.0.1 on DESKTOP-M1OD1AL with PID 19376 (D:\fancky\git\Java\WorkSpace1\fancky-web\target\classes started by admin in D:\fancky\git\Java\WorkSpace1)
[2021-03-24 11:10:57:600] [DEBUG] - Running with Spring Boot v2.4.1, Spring v5.3.2
[2021-03-24 11:10:57:600] [INFO] - No active profile set, falling back to default profiles: default
[2021-03-24 11:10:57:958] [DEBUG] - Logging initialized using 'class org.apache.ibatis.logging.slf4j.Slf4jImpl' adapter.
[2021-03-24 11:10:57:961] [WARN] - No MyBatis mapper was found in '[com.fancky.web]' package. Please check your configuration.
[2021-03-24 11:10:58:159] [INFO] - Tomcat initialized with port(s): 8103 (http)
[2021-03-24 11:10:58:164] [INFO] - Initializing ProtocolHandler ["http-nio-8103"]
[2021-03-24 11:10:58:164] [INFO] - Starting service [Tomcat]
[2021-03-24 11:10:58:165] [INFO] - Starting Servlet engine: [Apache Tomcat/9.0.41]
[2021-03-24 11:10:58:165] [INFO] - Loaded Apache Tomcat Native library [1.2.25] using APR version [1.7.0].
[2021-03-24 11:10:58:166] [INFO] - APR capabilities: IPv6 [true], sendfile [true], accept filters [false], random [true].
[2021-03-24 11:10:58:166] [INFO] - APR/OpenSSL configuration: useAprConnector [false], useOpenSSL [true]
[2021-03-24 11:10:58:168] [INFO] - OpenSSL successfully initialized [OpenSSL 1.1.1g  21 Apr 2020]
[2021-03-24 11:10:58:225] [INFO] - Initializing Spring embedded WebApplicationContext
[2021-03-24 11:10:58:225] [INFO] - Root WebApplicationContext: initialization completed in 603 ms
[2021-03-24 11:10:58:258] [WARN] - Exception encountered during context initialization - cancelling refresh attempt: org.springframework.beans.factory.UnsatisfiedDependencyException: Error creating bean with name 'userInfoController': Unsatisfied dependency expressed through field 'userInfoService'; nested exception is org.springframework.beans.factory.UnsatisfiedDependencyException: Error creating bean with name 'userInfoService': Unsatisfied dependency expressed through field 'userInfoMapper'; nested exception is org.springframework.beans.factory.NoSuchBeanDefinitionException: No qualifying bean of type 'com.fancky.dao.UserInfoMapper' available: expected at least 1 bean which qualifies as autowire candidate. Dependency annotations: {@org.springframework.beans.factory.annotation.Autowired(required=true)}
[2021-03-24 11:10:58:260] [INFO] - Stopping service [Tomcat]
[2021-03-24 11:10:58:271] [INFO] - 

Error starting ApplicationContext. To display the conditions report re-run your application with 'debug' enabled.
[2021-03-24 11:10:58:283] [ERROR] - 

***************************
APPLICATION FAILED TO START
***************************

Description:

Field userInfoMapper in com.fancky.service.UserInfoService required a bean of type 'com.fancky.dao.UserInfoMapper' that could not be found.

The injection point has the following annotations:
	- @org.springframework.beans.factory.annotation.Autowired(required=true)


Action:

Consider defining a bean of type 'com.fancky.dao.UserInfoMapper' in your configuration.

[2021-03-24 11:11:17:847] [INFO] - Starting FanckyWebApplication using Java 15.0.1 on DESKTOP-M1OD1AL with PID 26752 (D:\fancky\git\Java\WorkSpace1\fancky-web\target\classes started by admin in D:\fancky\git\Java\WorkSpace1)
[2021-03-24 11:11:17:851] [DEBUG] - Running with Spring Boot v2.4.1, Spring v5.3.2
[2021-03-24 11:11:17:851] [INFO] - No active profile set, falling back to default profiles: default
[2021-03-24 11:11:18:218] [DEBUG] - Logging initialized using 'class org.apache.ibatis.logging.slf4j.Slf4jImpl' adapter.
[2021-03-24 11:11:18:433] [INFO] - Tomcat initialized with port(s): 8103 (http)
[2021-03-24 11:11:18:438] [INFO] - Initializing ProtocolHandler ["http-nio-8103"]
[2021-03-24 11:11:18:438] [INFO] - Starting service [Tomcat]
[2021-03-24 11:11:18:439] [INFO] - Starting Servlet engine: [Apache Tomcat/9.0.41]
[2021-03-24 11:11:18:439] [INFO] - Loaded Apache Tomcat Native library [1.2.25] using APR version [1.7.0].
[2021-03-24 11:11:18:440] [INFO] - APR capabilities: IPv6 [true], sendfile [true], accept filters [false], random [true].
[2021-03-24 11:11:18:440] [INFO] - APR/OpenSSL configuration: useAprConnector [false], useOpenSSL [true]
[2021-03-24 11:11:18:442] [INFO] - OpenSSL successfully initialized [OpenSSL 1.1.1g  21 Apr 2020]
[2021-03-24 11:11:18:486] [INFO] - Initializing Spring embedded WebApplicationContext
[2021-03-24 11:11:18:486] [INFO] - Root WebApplicationContext: initialization completed in 609 ms
[2021-03-24 11:11:18:539] [DEBUG] - Driver class com.mysql.cj.jdbc.Driver found in Thread context class loader jdk.internal.loader.ClassLoaders$AppClassLoader@2f0e140b
[2021-03-24 11:11:18:723] [INFO] - Initializing ExecutorService 'applicationTaskExecutor'
[2021-03-24 11:11:18:839] [INFO] - Starting ProtocolHandler ["http-nio-8103"]
[2021-03-24 11:11:18:852] [INFO] - Tomcat started on port(s): 8103 (http) with context path ''
[2021-03-24 11:11:18:859] [INFO] - Started FanckyWebApplication in 1.229 seconds (JVM running for 1.972)
[2021-03-24 11:12:01:647] [INFO] - Shutting down ExecutorService 'applicationTaskExecutor'
[2021-03-24 11:12:25:314] [INFO] - Starting FanckyWebApplication using Java 15.0.1 on DESKTOP-M1OD1AL with PID 28816 (D:\fancky\git\Java\WorkSpace1\fancky-web\target\classes started by admin in D:\fancky\git\Java\WorkSpace1)
[2021-03-24 11:12:25:318] [DEBUG] - Running with Spring Boot v2.4.1, Spring v5.3.2
[2021-03-24 11:12:25:318] [INFO] - No active profile set, falling back to default profiles: default
[2021-03-24 11:12:25:687] [DEBUG] - Logging initialized using 'class org.apache.ibatis.logging.slf4j.Slf4jImpl' adapter.
[2021-03-24 11:12:25:899] [INFO] - Tomcat initialized with port(s): 8103 (http)
[2021-03-24 11:12:25:905] [INFO] - Initializing ProtocolHandler ["http-nio-8103"]
[2021-03-24 11:12:25:905] [INFO] - Starting service [Tomcat]
[2021-03-24 11:12:25:905] [INFO] - Starting Servlet engine: [Apache Tomcat/9.0.41]
[2021-03-24 11:12:25:906] [INFO] - Loaded Apache Tomcat Native library [1.2.25] using APR version [1.7.0].
[2021-03-24 11:12:25:906] [INFO] - APR capabilities: IPv6 [true], sendfile [true], accept filters [false], random [true].
[2021-03-24 11:12:25:906] [INFO] - APR/OpenSSL configuration: useAprConnector [false], useOpenSSL [true]
[2021-03-24 11:12:25:908] [INFO] - OpenSSL successfully initialized [OpenSSL 1.1.1g  21 Apr 2020]
[2021-03-24 11:12:25:953] [INFO] - Initializing Spring embedded WebApplicationContext
[2021-03-24 11:12:25:953] [INFO] - Root WebApplicationContext: initialization completed in 611 ms
[2021-03-24 11:12:26:006] [DEBUG] - Driver class com.mysql.cj.jdbc.Driver found in Thread context class loader jdk.internal.loader.ClassLoaders$AppClassLoader@2f0e140b
[2021-03-24 11:12:26:179] [INFO] - Initializing ExecutorService 'applicationTaskExecutor'
[2021-03-24 11:12:26:297] [INFO] - Starting ProtocolHandler ["http-nio-8103"]
[2021-03-24 11:12:26:310] [INFO] - Tomcat started on port(s): 8103 (http) with context path ''
[2021-03-24 11:12:26:317] [INFO] - Started FanckyWebApplication in 1.218 seconds (JVM running for 1.909)
[2021-03-24 11:12:29:552] [INFO] - Initializing Spring DispatcherServlet 'dispatcherServlet'
[2021-03-24 11:12:29:552] [INFO] - Initializing Servlet 'dispatcherServlet'
[2021-03-24 11:12:29:553] [INFO] - Completed initialization in 1 ms
[2021-03-24 11:12:29:588] [DEBUG] - HikariPool-1 - configuration:
[2021-03-24 11:12:29:589] [DEBUG] - allowPoolSuspension.............false
[2021-03-24 11:12:29:589] [DEBUG] - autoCommit......................false
[2021-03-24 11:12:29:589] [DEBUG] - catalog.........................none
[2021-03-24 11:12:29:589] [DEBUG] - connectionInitSql...............none
[2021-03-24 11:12:29:589] [DEBUG] - connectionTestQuery.............none
[2021-03-24 11:12:29:589] [DEBUG] - connectionTimeout...............30000
[2021-03-24 11:12:29:589] [DEBUG] - dataSource......................none
[2021-03-24 11:12:29:589] [DEBUG] - dataSourceClassName.............none
[2021-03-24 11:12:29:589] [DEBUG] - dataSourceJNDI..................none
[2021-03-24 11:12:29:589] [DEBUG] - dataSourceProperties............{password=<masked>}
[2021-03-24 11:12:29:589] [DEBUG] - driverClassName................."com.mysql.cj.jdbc.Driver"
[2021-03-24 11:12:29:589] [DEBUG] - exceptionOverrideClassName......none
[2021-03-24 11:12:29:589] [DEBUG] - healthCheckProperties...........{}
[2021-03-24 11:12:29:589] [DEBUG] - healthCheckRegistry.............none
[2021-03-24 11:12:29:589] [DEBUG] - idleTimeout.....................30000
[2021-03-24 11:12:29:589] [DEBUG] - initializationFailTimeout.......1
[2021-03-24 11:12:29:589] [DEBUG] - isolateInternalQueries..........false
[2021-03-24 11:12:29:590] [DEBUG] - jdbcUrl.........................jdbc:mysql://127.0.0.1:3306/test?useUnicode=true&characterEncoding=utf8&useSSL=true&useJDBCCompliantTimezoneShift=true&useLegacyDatetimeCode=false&serverTimezone=UTC
[2021-03-24 11:12:29:590] [DEBUG] - leakDetectionThreshold..........0
[2021-03-24 11:12:29:590] [DEBUG] - maxLifetime.....................1800000
[2021-03-24 11:12:29:590] [DEBUG] - maximumPoolSize.................15
[2021-03-24 11:12:29:590] [DEBUG] - metricRegistry..................none
[2021-03-24 11:12:29:590] [DEBUG] - metricsTrackerFactory...........none
[2021-03-24 11:12:29:590] [DEBUG] - minimumIdle.....................5
[2021-03-24 11:12:29:590] [DEBUG] - password........................<masked>
[2021-03-24 11:12:29:590] [DEBUG] - poolName........................"HikariPool-1"
[2021-03-24 11:12:29:590] [DEBUG] - readOnly........................false
[2021-03-24 11:12:29:590] [DEBUG] - registerMbeans..................false
[2021-03-24 11:12:29:590] [DEBUG] - scheduledExecutor...............none
[2021-03-24 11:12:29:590] [DEBUG] - schema..........................none
[2021-03-24 11:12:29:590] [DEBUG] - threadFactory...................internal
[2021-03-24 11:12:29:590] [DEBUG] - transactionIsolation............default
[2021-03-24 11:12:29:590] [DEBUG] - username........................"root"
[2021-03-24 11:12:29:590] [DEBUG] - validationTimeout...............5000
[2021-03-24 11:12:29:590] [INFO] - HikariPool-1 - Starting...
[2021-03-24 11:12:29:795] [DEBUG] - HikariPool-1 - Added connection com.mysql.cj.jdbc.ConnectionImpl@598ecb45
[2021-03-24 11:12:29:796] [INFO] - HikariPool-1 - Start completed.
[2021-03-24 11:12:29:801] [DEBUG] - ==>  Preparing: select id, user_name, user_age, address, birthday, is_delete from test.t_test_user_info where id = ?
[2021-03-24 11:12:29:814] [DEBUG] - ==> Parameters: 1(Integer)
[2021-03-24 11:12:29:828] [DEBUG] - <==      Total: 1
[2021-03-24 11:12:34:778] [DEBUG] - HikariPool-1 - Before cleanup stats (total=1, active=0, idle=1, waiting=0)
[2021-03-24 11:12:34:779] [DEBUG] - ==>  Preparing: select id, user_name, user_age, address, birthday, is_delete from test.t_test_user_info where id = ?
[2021-03-24 11:12:34:779] [DEBUG] - HikariPool-1 - After cleanup  stats (total=1, active=1, idle=0, waiting=0)
[2021-03-24 11:12:34:779] [DEBUG] - ==> Parameters: 1(Integer)
[2021-03-24 11:12:34:781] [DEBUG] - <==      Total: 1
[2021-03-24 11:12:34:795] [DEBUG] - HikariPool-1 - Added connection com.mysql.cj.jdbc.ConnectionImpl@2456b983
[2021-03-24 11:12:34:799] [WARN] - Resolved [org.springframework.http.converter.HttpMessageNotWritableException: No converter found for return value of type: class com.fancky.model.entity.UserInfo]
[2021-03-24 11:12:34:810] [DEBUG] - HikariPool-1 - Added connection com.mysql.cj.jdbc.ConnectionImpl@55364e28
[2021-03-24 11:12:34:824] [DEBUG] - HikariPool-1 - Added connection com.mysql.cj.jdbc.ConnectionImpl@529025bf
[2021-03-24 11:12:34:838] [DEBUG] - HikariPool-1 - Added connection com.mysql.cj.jdbc.ConnectionImpl@303d2cae
[2021-03-24 11:12:48:453] [DEBUG] - ==>  Preparing: select id, user_name, user_age, address, birthday, is_delete from test.t_test_user_info where id = ?
[2021-03-24 11:12:48:453] [DEBUG] - ==> Parameters: 1(Integer)
[2021-03-24 11:12:48:455] [DEBUG] - <==      Total: 1
[2021-03-24 11:12:59:395] [DEBUG] - ==>  Preparing: select id, user_name, user_age, address, birthday, is_delete from test.t_test_user_info where id = ?
[2021-03-24 11:12:59:395] [DEBUG] - ==> Parameters: 1(Integer)
[2021-03-24 11:12:59:396] [DEBUG] - <==      Total: 1
[2021-03-24 11:12:59:397] [WARN] - Resolved [org.springframework.http.converter.HttpMessageNotWritableException: No converter found for return value of type: class com.fancky.model.entity.UserInfo]
[2021-03-24 11:13:04:786] [DEBUG] - HikariPool-1 - Before cleanup stats (total=5, active=0, idle=5, waiting=0)
[2021-03-24 11:13:04:786] [DEBUG] - HikariPool-1 - After cleanup  stats (total=5, active=0, idle=5, waiting=0)
[2021-03-24 11:13:04:786] [DEBUG] - HikariPool-1 - Fill pool skipped, pool is at sufficient level.
[2021-03-24 11:13:34:791] [DEBUG] - HikariPool-1 - Before cleanup stats (total=5, active=0, idle=5, waiting=0)
[2021-03-24 11:13:34:791] [DEBUG] - HikariPool-1 - After cleanup  stats (total=5, active=0, idle=5, waiting=0)
[2021-03-24 11:13:34:791] [DEBUG] - HikariPool-1 - Fill pool skipped, pool is at sufficient level.
[2021-03-24 11:13:54:060] [INFO] - Shutting down ExecutorService 'applicationTaskExecutor'
[2021-03-24 11:13:54:060] [INFO] - HikariPool-1 - Shutdown initiated...
[2021-03-24 11:13:54:060] [DEBUG] - HikariPool-1 - Before shutdown stats (total=5, active=0, idle=5, waiting=0)
[2021-03-24 11:13:54:061] [DEBUG] - HikariPool-1 - Closing connection com.mysql.cj.jdbc.ConnectionImpl@598ecb45: (connection evicted)
[2021-03-24 11:13:54:062] [DEBUG] - HikariPool-1 - Closing connection com.mysql.cj.jdbc.ConnectionImpl@2456b983: (connection evicted)
[2021-03-24 11:13:54:063] [DEBUG] - HikariPool-1 - Closing connection com.mysql.cj.jdbc.ConnectionImpl@55364e28: (connection evicted)
[2021-03-24 11:13:54:063] [DEBUG] - HikariPool-1 - Closing connection com.mysql.cj.jdbc.ConnectionImpl@529025bf: (connection evicted)
[2021-03-24 11:13:54:064] [DEBUG] - HikariPool-1 - Closing connection com.mysql.cj.jdbc.ConnectionImpl@303d2cae: (connection evicted)
[2021-03-24 11:13:54:064] [DEBUG] - HikariPool-1 - After shutdown stats (total=0, active=0, idle=0, waiting=0)
[2021-03-24 11:13:54:064] [INFO] - HikariPool-1 - Shutdown completed.
[2021-03-24 11:13:57:693] [INFO] - Starting FanckyWebApplication using Java 15.0.1 on DESKTOP-M1OD1AL with PID 33972 (D:\fancky\git\Java\WorkSpace1\fancky-web\target\classes started by admin in D:\fancky\git\Java\WorkSpace1)
[2021-03-24 11:13:57:697] [DEBUG] - Running with Spring Boot v2.4.1, Spring v5.3.2
[2021-03-24 11:13:57:697] [INFO] - No active profile set, falling back to default profiles: default
[2021-03-24 11:13:58:071] [DEBUG] - Logging initialized using 'class org.apache.ibatis.logging.slf4j.Slf4jImpl' adapter.
[2021-03-24 11:13:58:289] [INFO] - Tomcat initialized with port(s): 8103 (http)
[2021-03-24 11:13:58:294] [INFO] - Initializing ProtocolHandler ["http-nio-8103"]
[2021-03-24 11:13:58:295] [INFO] - Starting service [Tomcat]
[2021-03-24 11:13:58:295] [INFO] - Starting Servlet engine: [Apache Tomcat/9.0.41]
[2021-03-24 11:13:58:296] [INFO] - Loaded Apache Tomcat Native library [1.2.25] using APR version [1.7.0].
[2021-03-24 11:13:58:296] [INFO] - APR capabilities: IPv6 [true], sendfile [true], accept filters [false], random [true].
[2021-03-24 11:13:58:296] [INFO] - APR/OpenSSL configuration: useAprConnector [false], useOpenSSL [true]
[2021-03-24 11:13:58:298] [INFO] - OpenSSL successfully initialized [OpenSSL 1.1.1g  21 Apr 2020]
[2021-03-24 11:13:58:343] [INFO] - Initializing Spring embedded WebApplicationContext
[2021-03-24 11:13:58:343] [INFO] - Root WebApplicationContext: initialization completed in 620 ms
[2021-03-24 11:13:58:402] [DEBUG] - Driver class com.mysql.cj.jdbc.Driver found in Thread context class loader jdk.internal.loader.ClassLoaders$AppClassLoader@2f0e140b
[2021-03-24 11:13:58:575] [INFO] - Initializing ExecutorService 'applicationTaskExecutor'
[2021-03-24 11:13:58:700] [INFO] - Starting ProtocolHandler ["http-nio-8103"]
[2021-03-24 11:13:58:714] [INFO] - Tomcat started on port(s): 8103 (http) with context path ''
[2021-03-24 11:13:58:720] [INFO] - Started FanckyWebApplication in 1.288 seconds (JVM running for 1.956)
[2021-03-24 11:14:02:414] [INFO] - Initializing Spring DispatcherServlet 'dispatcherServlet'
[2021-03-24 11:14:02:414] [INFO] - Initializing Servlet 'dispatcherServlet'
[2021-03-24 11:14:02:415] [INFO] - Completed initialization in 0 ms
[2021-03-24 11:14:02:447] [DEBUG] - HikariPool-1 - configuration:
[2021-03-24 11:14:02:449] [DEBUG] - allowPoolSuspension.............false
[2021-03-24 11:14:02:449] [DEBUG] - autoCommit......................false
[2021-03-24 11:14:02:449] [DEBUG] - catalog.........................none
[2021-03-24 11:14:02:449] [DEBUG] - connectionInitSql...............none
[2021-03-24 11:14:02:449] [DEBUG] - connectionTestQuery.............none
[2021-03-24 11:14:02:449] [DEBUG] - connectionTimeout...............30000
[2021-03-24 11:14:02:449] [DEBUG] - dataSource......................none
[2021-03-24 11:14:02:449] [DEBUG] - dataSourceClassName.............none
[2021-03-24 11:14:02:449] [DEBUG] - dataSourceJNDI..................none
[2021-03-24 11:14:02:450] [DEBUG] - dataSourceProperties............{password=<masked>}
[2021-03-24 11:14:02:450] [DEBUG] - driverClassName................."com.mysql.cj.jdbc.Driver"
[2021-03-24 11:14:02:450] [DEBUG] - exceptionOverrideClassName......none
[2021-03-24 11:14:02:450] [DEBUG] - healthCheckProperties...........{}
[2021-03-24 11:14:02:450] [DEBUG] - healthCheckRegistry.............none
[2021-03-24 11:14:02:450] [DEBUG] - idleTimeout.....................30000
[2021-03-24 11:14:02:450] [DEBUG] - initializationFailTimeout.......1
[2021-03-24 11:14:02:450] [DEBUG] - isolateInternalQueries..........false
[2021-03-24 11:14:02:450] [DEBUG] - jdbcUrl.........................jdbc:mysql://127.0.0.1:3306/test?useUnicode=true&characterEncoding=utf8&useSSL=true&useJDBCCompliantTimezoneShift=true&useLegacyDatetimeCode=false&serverTimezone=UTC
[2021-03-24 11:14:02:450] [DEBUG] - leakDetectionThreshold..........0
[2021-03-24 11:14:02:450] [DEBUG] - maxLifetime.....................1800000
[2021-03-24 11:14:02:450] [DEBUG] - maximumPoolSize.................15
[2021-03-24 11:14:02:450] [DEBUG] - metricRegistry..................none
[2021-03-24 11:14:02:450] [DEBUG] - metricsTrackerFactory...........none
[2021-03-24 11:14:02:450] [DEBUG] - minimumIdle.....................5
[2021-03-24 11:14:02:450] [DEBUG] - password........................<masked>
[2021-03-24 11:14:02:451] [DEBUG] - poolName........................"HikariPool-1"
[2021-03-24 11:14:02:451] [DEBUG] - readOnly........................false
[2021-03-24 11:14:02:451] [DEBUG] - registerMbeans..................false
[2021-03-24 11:14:02:451] [DEBUG] - scheduledExecutor...............none
[2021-03-24 11:14:02:451] [DEBUG] - schema..........................none
[2021-03-24 11:14:02:451] [DEBUG] - threadFactory...................internal
[2021-03-24 11:14:02:451] [DEBUG] - transactionIsolation............default
[2021-03-24 11:14:02:451] [DEBUG] - username........................"root"
[2021-03-24 11:14:02:451] [DEBUG] - validationTimeout...............5000
[2021-03-24 11:14:02:451] [INFO] - HikariPool-1 - Starting...
[2021-03-24 11:14:02:659] [DEBUG] - HikariPool-1 - Added connection com.mysql.cj.jdbc.ConnectionImpl@4cd9f158
[2021-03-24 11:14:02:660] [INFO] - HikariPool-1 - Start completed.
[2021-03-24 11:14:02:666] [DEBUG] - ==>  Preparing: select id, user_name, user_age, address, birthday, is_delete from test.t_test_user_info where id = ?
[2021-03-24 11:14:02:678] [DEBUG] - ==> Parameters: 1(Integer)
[2021-03-24 11:14:02:692] [DEBUG] - <==      Total: 1
[2021-03-24 11:14:20:833] [WARN] - HikariPool-1 - Thread starvation or clock leap detected (housekeeper delta=48s171ms587µs800ns).
[2021-03-24 11:14:20:833] [DEBUG] - HikariPool-1 - Before cleanup stats (total=1, active=1, idle=0, waiting=0)
[2021-03-24 11:14:20:833] [DEBUG] - ==>  Preparing: select id, user_name, user_age, address, birthday, is_delete from test.t_test_user_info where id = ?
[2021-03-24 11:14:20:834] [DEBUG] - HikariPool-1 - After cleanup  stats (total=1, active=1, idle=0, waiting=0)
[2021-03-24 11:14:20:834] [DEBUG] - ==> Parameters: 1(Integer)
[2021-03-24 11:14:20:835] [DEBUG] - <==      Total: 1
[2021-03-24 11:14:20:851] [DEBUG] - HikariPool-1 - Added connection com.mysql.cj.jdbc.ConnectionImpl@2c551eb5
[2021-03-24 11:14:20:854] [WARN] - Resolved [org.springframework.http.converter.HttpMessageNotWritableException: No converter found for return value of type: class com.fancky.model.entity.UserInfo]
[2021-03-24 11:14:20:867] [DEBUG] - HikariPool-1 - Added connection com.mysql.cj.jdbc.ConnectionImpl@68976ae3
[2021-03-24 11:14:20:882] [DEBUG] - HikariPool-1 - Added connection com.mysql.cj.jdbc.ConnectionImpl@1439c2e4
[2021-03-24 11:14:20:895] [DEBUG] - HikariPool-1 - Added connection com.mysql.cj.jdbc.ConnectionImpl@2535a054
[2021-03-24 11:14:20:992] [INFO] - Shutting down ExecutorService 'applicationTaskExecutor'
[2021-03-24 11:14:20:992] [INFO] - HikariPool-1 - Shutdown initiated...
[2021-03-24 11:14:20:992] [DEBUG] - HikariPool-1 - Before shutdown stats (total=5, active=0, idle=5, waiting=0)
[2021-03-24 11:14:20:993] [DEBUG] - HikariPool-1 - Closing connection com.mysql.cj.jdbc.ConnectionImpl@4cd9f158: (connection evicted)
[2021-03-24 11:14:20:995] [DEBUG] - HikariPool-1 - Closing connection com.mysql.cj.jdbc.ConnectionImpl@2c551eb5: (connection evicted)
[2021-03-24 11:14:20:995] [DEBUG] - HikariPool-1 - Closing connection com.mysql.cj.jdbc.ConnectionImpl@68976ae3: (connection evicted)
[2021-03-24 11:14:20:995] [DEBUG] - HikariPool-1 - Closing connection com.mysql.cj.jdbc.ConnectionImpl@1439c2e4: (connection evicted)
[2021-03-24 11:14:20:996] [DEBUG] - HikariPool-1 - Closing connection com.mysql.cj.jdbc.ConnectionImpl@2535a054: (connection evicted)
[2021-03-24 11:14:20:996] [DEBUG] - HikariPool-1 - After shutdown stats (total=0, active=0, idle=0, waiting=0)
[2021-03-24 11:14:20:996] [INFO] - HikariPool-1 - Shutdown completed.
[2021-03-24 11:16:31:971] [INFO] - Starting FanckyWebApplication using Java 15.0.1 on DESKTOP-M1OD1AL with PID 30160 (D:\fancky\git\Java\WorkSpace1\fancky-web\target\classes started by admin in D:\fancky\git\Java\WorkSpace1)
[2021-03-24 11:16:31:975] [DEBUG] - Running with Spring Boot v2.4.1, Spring v5.3.2
[2021-03-24 11:16:31:975] [INFO] - No active profile set, falling back to default profiles: default
[2021-03-24 11:16:32:339] [DEBUG] - Logging initialized using 'class org.apache.ibatis.logging.slf4j.Slf4jImpl' adapter.
[2021-03-24 11:16:32:559] [INFO] - Tomcat initialized with port(s): 8103 (http)
[2021-03-24 11:16:32:564] [INFO] - Initializing ProtocolHandler ["http-nio-8103"]
[2021-03-24 11:16:32:565] [INFO] - Starting service [Tomcat]
[2021-03-24 11:16:32:565] [INFO] - Starting Servlet engine: [Apache Tomcat/9.0.41]
[2021-03-24 11:16:32:566] [INFO] - Loaded Apache Tomcat Native library [1.2.25] using APR version [1.7.0].
[2021-03-24 11:16:32:566] [INFO] - APR capabilities: IPv6 [true], sendfile [true], accept filters [false], random [true].
[2021-03-24 11:16:32:566] [INFO] - APR/OpenSSL configuration: useAprConnector [false], useOpenSSL [true]
[2021-03-24 11:16:32:568] [INFO] - OpenSSL successfully initialized [OpenSSL 1.1.1g  21 Apr 2020]
[2021-03-24 11:16:32:616] [INFO] - Initializing Spring embedded WebApplicationContext
[2021-03-24 11:16:32:616] [INFO] - Root WebApplicationContext: initialization completed in 615 ms
[2021-03-24 11:16:32:682] [DEBUG] - Driver class com.mysql.cj.jdbc.Driver found in Thread context class loader jdk.internal.loader.ClassLoaders$AppClassLoader@2f0e140b
[2021-03-24 11:16:32:856] [INFO] - Initializing ExecutorService 'applicationTaskExecutor'
[2021-03-24 11:16:32:976] [INFO] - Starting ProtocolHandler ["http-nio-8103"]
[2021-03-24 11:16:32:989] [INFO] - Tomcat started on port(s): 8103 (http) with context path ''
[2021-03-24 11:16:32:997] [INFO] - Started FanckyWebApplication in 1.244 seconds (JVM running for 1.916)
[2021-03-24 11:16:35:518] [INFO] - Initializing Spring DispatcherServlet 'dispatcherServlet'
[2021-03-24 11:16:35:518] [INFO] - Initializing Servlet 'dispatcherServlet'
[2021-03-24 11:16:35:519] [INFO] - Completed initialization in 1 ms
[2021-03-24 11:16:35:552] [DEBUG] - HikariPool-1 - configuration:
[2021-03-24 11:16:35:553] [DEBUG] - allowPoolSuspension.............false
[2021-03-24 11:16:35:553] [DEBUG] - autoCommit......................false
[2021-03-24 11:16:35:553] [DEBUG] - catalog.........................none
[2021-03-24 11:16:35:553] [DEBUG] - connectionInitSql...............none
[2021-03-24 11:16:35:553] [DEBUG] - connectionTestQuery.............none
[2021-03-24 11:16:35:553] [DEBUG] - connectionTimeout...............30000
[2021-03-24 11:16:35:553] [DEBUG] - dataSource......................none
[2021-03-24 11:16:35:553] [DEBUG] - dataSourceClassName.............none
[2021-03-24 11:16:35:553] [DEBUG] - dataSourceJNDI..................none
[2021-03-24 11:16:35:554] [DEBUG] - dataSourceProperties............{password=<masked>}
[2021-03-24 11:16:35:554] [DEBUG] - driverClassName................."com.mysql.cj.jdbc.Driver"
[2021-03-24 11:16:35:554] [DEBUG] - exceptionOverrideClassName......none
[2021-03-24 11:16:35:554] [DEBUG] - healthCheckProperties...........{}
[2021-03-24 11:16:35:554] [DEBUG] - healthCheckRegistry.............none
[2021-03-24 11:16:35:554] [DEBUG] - idleTimeout.....................30000
[2021-03-24 11:16:35:554] [DEBUG] - initializationFailTimeout.......1
[2021-03-24 11:16:35:554] [DEBUG] - isolateInternalQueries..........false
[2021-03-24 11:16:35:554] [DEBUG] - jdbcUrl.........................jdbc:mysql://127.0.0.1:3306/test?useUnicode=true&characterEncoding=utf8&useSSL=true&useJDBCCompliantTimezoneShift=true&useLegacyDatetimeCode=false&serverTimezone=UTC
[2021-03-24 11:16:35:554] [DEBUG] - leakDetectionThreshold..........0
[2021-03-24 11:16:35:554] [DEBUG] - maxLifetime.....................1800000
[2021-03-24 11:16:35:554] [DEBUG] - maximumPoolSize.................15
[2021-03-24 11:16:35:554] [DEBUG] - metricRegistry..................none
[2021-03-24 11:16:35:554] [DEBUG] - metricsTrackerFactory...........none
[2021-03-24 11:16:35:554] [DEBUG] - minimumIdle.....................5
[2021-03-24 11:16:35:554] [DEBUG] - password........................<masked>
[2021-03-24 11:16:35:554] [DEBUG] - poolName........................"HikariPool-1"
[2021-03-24 11:16:35:554] [DEBUG] - readOnly........................false
[2021-03-24 11:16:35:554] [DEBUG] - registerMbeans..................false
[2021-03-24 11:16:35:555] [DEBUG] - scheduledExecutor...............none
[2021-03-24 11:16:35:555] [DEBUG] - schema..........................none
[2021-03-24 11:16:35:555] [DEBUG] - threadFactory...................internal
[2021-03-24 11:16:35:555] [DEBUG] - transactionIsolation............default
[2021-03-24 11:16:35:555] [DEBUG] - username........................"root"
[2021-03-24 11:16:35:555] [DEBUG] - validationTimeout...............5000
[2021-03-24 11:16:35:555] [INFO] - HikariPool-1 - Starting...
[2021-03-24 11:16:35:772] [DEBUG] - HikariPool-1 - Added connection com.mysql.cj.jdbc.ConnectionImpl@411e35d8
[2021-03-24 11:16:35:773] [INFO] - HikariPool-1 - Start completed.
[2021-03-24 11:16:35:778] [DEBUG] - ==>  Preparing: select id, user_name, user_age, address, birthday, is_delete from test.t_test_user_info where id = ?
[2021-03-24 11:16:35:792] [DEBUG] - ==> Parameters: 1(Integer)
[2021-03-24 11:16:35:806] [DEBUG] - <==      Total: 1
[2021-03-24 11:16:38:713] [DEBUG] - HikariPool-1 - Before cleanup stats (total=1, active=0, idle=1, waiting=0)
[2021-03-24 11:16:38:714] [DEBUG] - ==>  Preparing: select id, user_name, user_age, address, birthday, is_delete from test.t_test_user_info where id = ?
[2021-03-24 11:16:38:714] [DEBUG] - HikariPool-1 - After cleanup  stats (total=1, active=1, idle=0, waiting=0)
[2021-03-24 11:16:38:714] [DEBUG] - ==> Parameters: 1(Integer)
[2021-03-24 11:16:38:716] [DEBUG] - <==      Total: 1
[2021-03-24 11:16:40:120] [DEBUG] - HikariPool-1 - Added connection com.mysql.cj.jdbc.ConnectionImpl@4d82ac90
[2021-03-24 11:16:40:134] [DEBUG] - HikariPool-1 - Added connection com.mysql.cj.jdbc.ConnectionImpl@700b4cac
[2021-03-24 11:16:40:148] [DEBUG] - HikariPool-1 - Added connection com.mysql.cj.jdbc.ConnectionImpl@7a285c1a
[2021-03-24 11:16:40:162] [DEBUG] - HikariPool-1 - Added connection com.mysql.cj.jdbc.ConnectionImpl@ad8c794
[2021-03-24 11:16:46:765] [INFO] - Shutting down ExecutorService 'applicationTaskExecutor'
[2021-03-24 11:16:46:765] [INFO] - HikariPool-1 - Shutdown initiated...
[2021-03-24 11:16:46:765] [DEBUG] - HikariPool-1 - Before shutdown stats (total=5, active=0, idle=5, waiting=0)
[2021-03-24 11:16:46:766] [DEBUG] - HikariPool-1 - Closing connection com.mysql.cj.jdbc.ConnectionImpl@411e35d8: (connection evicted)
[2021-03-24 11:16:46:768] [DEBUG] - HikariPool-1 - Closing connection com.mysql.cj.jdbc.ConnectionImpl@4d82ac90: (connection evicted)
[2021-03-24 11:16:46:768] [DEBUG] - HikariPool-1 - Closing connection com.mysql.cj.jdbc.ConnectionImpl@700b4cac: (connection evicted)
[2021-03-24 11:16:46:769] [DEBUG] - HikariPool-1 - Closing connection com.mysql.cj.jdbc.ConnectionImpl@7a285c1a: (connection evicted)
[2021-03-24 11:16:46:769] [DEBUG] - HikariPool-1 - Closing connection com.mysql.cj.jdbc.ConnectionImpl@ad8c794: (connection evicted)
[2021-03-24 11:16:46:770] [DEBUG] - HikariPool-1 - After shutdown stats (total=0, active=0, idle=0, waiting=0)
[2021-03-24 11:16:46:770] [INFO] - HikariPool-1 - Shutdown completed.
[2021-03-24 11:20:13:556] [INFO] - Starting FanckyWebApplication using Java 15.0.1 on DESKTOP-M1OD1AL with PID 10104 (D:\fancky\git\Java\WorkSpace1\fancky-web\target\classes started by admin in D:\fancky\git\Java\WorkSpace1)
[2021-03-24 11:20:13:560] [DEBUG] - Running with Spring Boot v2.4.1, Spring v5.3.2
[2021-03-24 11:20:13:561] [INFO] - No active profile set, falling back to default profiles: default
[2021-03-24 11:20:13:932] [DEBUG] - Logging initialized using 'class org.apache.ibatis.logging.slf4j.Slf4jImpl' adapter.
[2021-03-24 11:20:13:935] [WARN] - No MyBatis mapper was found in '[com.fancky.web]' package. Please check your configuration.
[2021-03-24 11:20:14:141] [INFO] - Tomcat initialized with port(s): 8103 (http)
[2021-03-24 11:20:14:146] [INFO] - Initializing ProtocolHandler ["http-nio-8103"]
[2021-03-24 11:20:14:147] [INFO] - Starting service [Tomcat]
[2021-03-24 11:20:14:147] [INFO] - Starting Servlet engine: [Apache Tomcat/9.0.41]
[2021-03-24 11:20:14:148] [INFO] - Loaded Apache Tomcat Native library [1.2.25] using APR version [1.7.0].
[2021-03-24 11:20:14:148] [INFO] - APR capabilities: IPv6 [true], sendfile [true], accept filters [false], random [true].
[2021-03-24 11:20:14:148] [INFO] - APR/OpenSSL configuration: useAprConnector [false], useOpenSSL [true]
[2021-03-24 11:20:14:150] [INFO] - OpenSSL successfully initialized [OpenSSL 1.1.1g  21 Apr 2020]
[2021-03-24 11:20:14:194] [INFO] - Initializing Spring embedded WebApplicationContext
[2021-03-24 11:20:14:194] [INFO] - Root WebApplicationContext: initialization completed in 611 ms
[2021-03-24 11:20:14:224] [WARN] - Exception encountered during context initialization - cancelling refresh attempt: org.springframework.beans.factory.UnsatisfiedDependencyException: Error creating bean with name 'userInfoController': Unsatisfied dependency expressed through field 'userInfoService'; nested exception is org.springframework.beans.factory.UnsatisfiedDependencyException: Error creating bean with name 'userInfoService': Unsatisfied dependency expressed through field 'userInfoMapper'; nested exception is org.springframework.beans.factory.NoSuchBeanDefinitionException: No qualifying bean of type 'com.fancky.dao.UserInfoMapper' available: expected at least 1 bean which qualifies as autowire candidate. Dependency annotations: {@org.springframework.beans.factory.annotation.Autowired(required=true)}
[2021-03-24 11:20:14:226] [INFO] - Stopping service [Tomcat]
[2021-03-24 11:20:14:236] [INFO] - 

Error starting ApplicationContext. To display the conditions report re-run your application with 'debug' enabled.
[2021-03-24 11:20:14:247] [ERROR] - 

***************************
APPLICATION FAILED TO START
***************************

Description:

Field userInfoMapper in com.fancky.service.UserInfoService required a bean of type 'com.fancky.dao.UserInfoMapper' that could not be found.

The injection point has the following annotations:
	- @org.springframework.beans.factory.annotation.Autowired(required=true)


Action:

Consider defining a bean of type 'com.fancky.dao.UserInfoMapper' in your configuration.

[2021-03-24 11:20:29:478] [INFO] - Starting FanckyWebApplication using Java 15.0.1 on DESKTOP-M1OD1AL with PID 25104 (D:\fancky\git\Java\WorkSpace1\fancky-web\target\classes started by admin in D:\fancky\git\Java\WorkSpace1)
[2021-03-24 11:20:29:482] [DEBUG] - Running with Spring Boot v2.4.1, Spring v5.3.2
[2021-03-24 11:20:29:483] [INFO] - No active profile set, falling back to default profiles: default
[2021-03-24 11:20:29:852] [DEBUG] - Logging initialized using 'class org.apache.ibatis.logging.slf4j.Slf4jImpl' adapter.
[2021-03-24 11:20:30:066] [INFO] - Tomcat initialized with port(s): 8103 (http)
[2021-03-24 11:20:30:072] [INFO] - Initializing ProtocolHandler ["http-nio-8103"]
[2021-03-24 11:20:30:072] [INFO] - Starting service [Tomcat]
[2021-03-24 11:20:30:072] [INFO] - Starting Servlet engine: [Apache Tomcat/9.0.41]
[2021-03-24 11:20:30:073] [INFO] - Loaded Apache Tomcat Native library [1.2.25] using APR version [1.7.0].
[2021-03-24 11:20:30:073] [INFO] - APR capabilities: IPv6 [true], sendfile [true], accept filters [false], random [true].
[2021-03-24 11:20:30:074] [INFO] - APR/OpenSSL configuration: useAprConnector [false], useOpenSSL [true]
[2021-03-24 11:20:30:076] [INFO] - OpenSSL successfully initialized [OpenSSL 1.1.1g  21 Apr 2020]
[2021-03-24 11:20:30:120] [INFO] - Initializing Spring embedded WebApplicationContext
[2021-03-24 11:20:30:120] [INFO] - Root WebApplicationContext: initialization completed in 613 ms
[2021-03-24 11:20:30:173] [DEBUG] - Driver class com.mysql.cj.jdbc.Driver found in Thread context class loader jdk.internal.loader.ClassLoaders$AppClassLoader@2f0e140b
[2021-03-24 11:20:30:350] [INFO] - Initializing ExecutorService 'applicationTaskExecutor'
[2021-03-24 11:20:30:469] [INFO] - Starting ProtocolHandler ["http-nio-8103"]
[2021-03-24 11:20:30:483] [INFO] - Tomcat started on port(s): 8103 (http) with context path ''
[2021-03-24 11:20:30:489] [INFO] - Started FanckyWebApplication in 1.238 seconds (JVM running for 1.955)
