[2021-03-23 17:11:44:681] [INFO] - Starting FanckyWebApplication using Java 15.0.1 on DESKTOP-M1OD1AL with PID 25932 (D:\fancky\git\Java\WorkSpace1\fancky-web\target\classes started by admin in D:\fancky\git\Java\WorkSpace1)
[2021-03-23 17:11:44:682] [DEBUG] - Running with Spring Boot v2.4.1, Spring v5.3.2
[2021-03-23 17:11:44:682] [INFO] - No active profile set, falling back to default profiles: default
[2021-03-23 17:11:44:926] [WARN] - No MyBatis mapper was found in '[com.fancky.web]' package. Please check your configuration.
[2021-03-23 17:11:45:023] [DEBUG] - Driver class com.mysql.cj.jdbc.Driver found in Thread context class loader jdk.internal.loader.ClassLoaders$AppClassLoader@2f0e140b
[2021-03-23 17:11:45:056] [DEBUG] - Logging initialized using 'class org.apache.ibatis.logging.slf4j.Slf4jImpl' adapter.
[2021-03-23 17:11:45:090] [DEBUG] - Using VFS adapter org.mybatis.spring.boot.autoconfigure.SpringBootVFS
[2021-03-23 17:11:45:174] [INFO] - Started FanckyWebApplication in 0.694 seconds (JVM running for 1.418)
[2021-03-23 17:12:08:463] [INFO] - Starting FanckyWebApplication using Java 15.0.1 on DESKTOP-M1OD1AL with PID 1588 (D:\fancky\git\Java\WorkSpace1\fancky-web\target\classes started by admin in D:\fancky\git\Java\WorkSpace1)
[2021-03-23 17:12:08:464] [DEBUG] - Running with Spring Boot v2.4.1, Spring v5.3.2
[2021-03-23 17:12:08:464] [INFO] - No active profile set, falling back to default profiles: default
[2021-03-23 17:12:08:705] [WARN] - No MyBatis mapper was found in '[com.fancky.web]' package. Please check your configuration.
[2021-03-23 17:12:08:810] [DEBUG] - Driver class com.mysql.cj.jdbc.Driver found in Thread context class loader jdk.internal.loader.ClassLoaders$AppClassLoader@2f0e140b
[2021-03-23 17:12:08:841] [DEBUG] - Logging initialized using 'class org.apache.ibatis.logging.slf4j.Slf4jImpl' adapter.
[2021-03-23 17:12:08:864] [DEBUG] - Using VFS adapter org.mybatis.spring.boot.autoconfigure.SpringBootVFS
[2021-03-23 17:12:08:943] [INFO] - Started FanckyWebApplication in 0.708 seconds (JVM running for 1.411)
[2021-03-23 17:13:40:494] [INFO] - Starting FanckyWebApplication using Java 15.0.1 on DESKTOP-M1OD1AL with PID 30032 (D:\fancky\git\Java\WorkSpace1\fancky-web\target\classes started by admin in D:\fancky\git\Java\WorkSpace1)
[2021-03-23 17:13:40:495] [DEBUG] - Running with Spring Boot v2.4.1, Spring v5.3.2
[2021-03-23 17:13:40:495] [INFO] - No active profile set, falling back to default profiles: default
[2021-03-23 17:13:40:677] [WARN] - No MyBatis mapper was found in '[com.fancky.web]' package. Please check your configuration.
[2021-03-23 17:13:40:806] [DEBUG] - Driver class com.mysql.cj.jdbc.Driver found in Thread context class loader jdk.internal.loader.ClassLoaders$AppClassLoader@2f0e140b
[2021-03-23 17:13:40:840] [DEBUG] - Logging initialized using 'class org.apache.ibatis.logging.slf4j.Slf4jImpl' adapter.
[2021-03-23 17:13:40:872] [DEBUG] - Using VFS adapter org.mybatis.spring.boot.autoconfigure.SpringBootVFS
[2021-03-23 17:13:40:950] [INFO] - Started FanckyWebApplication in 0.664 seconds (JVM running for 1.36)
[2021-03-23 17:20:22:639] [INFO] - Starting FanckyWebApplication using Java 15.0.1 on DESKTOP-M1OD1AL with PID 26876 (D:\fancky\git\Java\WorkSpace1\fancky-web\target\classes started by admin in D:\fancky\git\Java\WorkSpace1)
[2021-03-23 17:20:22:640] [DEBUG] - Running with Spring Boot v2.4.1, Spring v5.3.2
[2021-03-23 17:20:22:641] [INFO] - No active profile set, falling back to default profiles: default
[2021-03-23 17:20:22:877] [DEBUG] - Logging initialized using 'class org.apache.ibatis.logging.slf4j.Slf4jImpl' adapter.
[2021-03-23 17:20:22:880] [WARN] - No MyBatis mapper was found in '[com.fancky.web]' package. Please check your configuration.
[2021-03-23 17:20:22:974] [DEBUG] - Driver class com.mysql.cj.jdbc.Driver found in Thread context class loader jdk.internal.loader.ClassLoaders$AppClassLoader@2f0e140b
[2021-03-23 17:20:23:129] [INFO] - Started FanckyWebApplication in 0.703 seconds (JVM running for 1.426)
[2021-03-23 17:22:04:879] [INFO] - Starting FanckyWebApplication using Java 15.0.1 on DESKTOP-M1OD1AL with PID 27616 (D:\fancky\git\Java\WorkSpace1\fancky-web\target\classes started by admin in D:\fancky\git\Java\WorkSpace1)
[2021-03-23 17:22:04:881] [DEBUG] - Running with Spring Boot v2.4.1, Spring v5.3.2
[2021-03-23 17:22:04:882] [INFO] - No active profile set, falling back to default profiles: default
[2021-03-23 17:22:05:127] [DEBUG] - Logging initialized using 'class org.apache.ibatis.logging.slf4j.Slf4jImpl' adapter.
[2021-03-23 17:22:05:130] [WARN] - No MyBatis mapper was found in '[com.fancky.web]' package. Please check your configuration.
[2021-03-23 17:22:05:219] [DEBUG] - Driver class com.mysql.cj.jdbc.Driver found in Thread context class loader jdk.internal.loader.ClassLoaders$AppClassLoader@2f0e140b
[2021-03-23 17:22:05:364] [INFO] - Started FanckyWebApplication in 0.717 seconds (JVM running for 1.41)
[2021-03-23 17:26:29:516] [INFO] - Starting FanckyWebApplication using Java 15.0.1 on DESKTOP-M1OD1AL with PID 9332 (D:\fancky\git\Java\WorkSpace1\fancky-web\target\classes started by admin in D:\fancky\git\Java\WorkSpace1)
[2021-03-23 17:26:29:520] [DEBUG] - Running with Spring Boot v2.4.1, Spring v5.3.2
[2021-03-23 17:26:29:521] [INFO] - No active profile set, falling back to default profiles: default
[2021-03-23 17:26:29:941] [DEBUG] - Logging initialized using 'class org.apache.ibatis.logging.slf4j.Slf4jImpl' adapter.
[2021-03-23 17:26:29:944] [WARN] - No MyBatis mapper was found in '[com.fancky.web]' package. Please check your configuration.
[2021-03-23 17:26:30:168] [INFO] - Tomcat initialized with port(s): 8103 (http)
[2021-03-23 17:26:30:175] [INFO] - Initializing ProtocolHandler ["http-nio-8103"]
[2021-03-23 17:26:30:175] [INFO] - Starting service [Tomcat]
[2021-03-23 17:26:30:176] [INFO] - Starting Servlet engine: [Apache Tomcat/9.0.41]
[2021-03-23 17:26:30:176] [INFO] - Loaded Apache Tomcat Native library [1.2.25] using APR version [1.7.0].
[2021-03-23 17:26:30:177] [INFO] - APR capabilities: IPv6 [true], sendfile [true], accept filters [false], random [true].
[2021-03-23 17:26:30:177] [INFO] - APR/OpenSSL configuration: useAprConnector [false], useOpenSSL [true]
[2021-03-23 17:26:30:179] [INFO] - OpenSSL successfully initialized [OpenSSL 1.1.1g  21 Apr 2020]
[2021-03-23 17:26:30:233] [INFO] - Initializing Spring embedded WebApplicationContext
[2021-03-23 17:26:30:233] [INFO] - Root WebApplicationContext: initialization completed in 689 ms
[2021-03-23 17:26:30:334] [INFO] - Initializing ExecutorService 'applicationTaskExecutor'
[2021-03-23 17:26:30:410] [DEBUG] - Driver class com.mysql.cj.jdbc.Driver found in Thread context class loader jdk.internal.loader.ClassLoaders$AppClassLoader@2f0e140b
[2021-03-23 17:26:30:524] [INFO] - Starting ProtocolHandler ["http-nio-8103"]
[2021-03-23 17:26:30:545] [INFO] - Tomcat started on port(s): 8103 (http) with context path ''
[2021-03-23 17:26:30:553] [INFO] - Started FanckyWebApplication in 1.279 seconds (JVM running for 1.969)
[2021-03-23 17:26:34:367] [INFO] - Shutting down ExecutorService 'applicationTaskExecutor'
[2021-03-23 17:28:58:687] [INFO] - Starting FanckyWebApplication using Java 15.0.1 on DESKTOP-M1OD1AL with PID 24120 (D:\fancky\git\Java\WorkSpace1\fancky-web\target\classes started by admin in D:\fancky\git\Java\WorkSpace1)
[2021-03-23 17:28:58:691] [DEBUG] - Running with Spring Boot v2.4.1, Spring v5.3.2
[2021-03-23 17:28:58:692] [INFO] - No active profile set, falling back to default profiles: default
[2021-03-23 17:28:59:063] [DEBUG] - Logging initialized using 'class org.apache.ibatis.logging.slf4j.Slf4jImpl' adapter.
[2021-03-23 17:28:59:066] [WARN] - No MyBatis mapper was found in '[com.fancky.web]' package. Please check your configuration.
[2021-03-23 17:28:59:274] [INFO] - Tomcat initialized with port(s): 8103 (http)
[2021-03-23 17:28:59:280] [INFO] - Initializing ProtocolHandler ["http-nio-8103"]
[2021-03-23 17:28:59:280] [INFO] - Starting service [Tomcat]
[2021-03-23 17:28:59:281] [INFO] - Starting Servlet engine: [Apache Tomcat/9.0.41]
[2021-03-23 17:28:59:281] [INFO] - Loaded Apache Tomcat Native library [1.2.25] using APR version [1.7.0].
[2021-03-23 17:28:59:282] [INFO] - APR capabilities: IPv6 [true], sendfile [true], accept filters [false], random [true].
[2021-03-23 17:28:59:282] [INFO] - APR/OpenSSL configuration: useAprConnector [false], useOpenSSL [true]
[2021-03-23 17:28:59:284] [INFO] - OpenSSL successfully initialized [OpenSSL 1.1.1g  21 Apr 2020]
[2021-03-23 17:28:59:340] [INFO] - Initializing Spring embedded WebApplicationContext
[2021-03-23 17:28:59:340] [INFO] - Root WebApplicationContext: initialization completed in 626 ms
[2021-03-23 17:28:59:440] [INFO] - Initializing ExecutorService 'applicationTaskExecutor'
[2021-03-23 17:28:59:516] [DEBUG] - Driver class com.mysql.cj.jdbc.Driver found in Thread context class loader jdk.internal.loader.ClassLoaders$AppClassLoader@2f0e140b
[2021-03-23 17:28:59:627] [INFO] - Starting ProtocolHandler ["http-nio-8103"]
[2021-03-23 17:28:59:644] [INFO] - Tomcat started on port(s): 8103 (http) with context path ''
[2021-03-23 17:28:59:651] [INFO] - Started FanckyWebApplication in 1.194 seconds (JVM running for 1.879)
[2021-03-23 17:29:03:913] [INFO] - Shutting down ExecutorService 'applicationTaskExecutor'
